#
# There is insufficient memory for the Java Runtime Environment to continue.
# Native memory allocation (malloc) failed to allocate 828976 bytes for Chunk::new
# Possible reasons:
#   The system is out of physical RAM or swap space
#   In 32 bit mode, the process size limit was hit
# Possible solutions:
#   Reduce memory load on the system
#   Increase physical memory or swap space
#   Check if swap backing store is full
#   Use 64 bit Java on a 64 bit OS
#   Decrease Java heap size (-Xmx/-Xms)
#   Decrease number of Java threads
#   Decrease Java thread stack sizes (-Xss)
#   Set larger code cache with -XX:ReservedCodeCacheSize=
# This output file may be truncated or incomplete.
#
#  Out of Memory Error (allocation.cpp:390), pid=6908, tid=0x0000000000004690
#
# JRE version: OpenJDK Runtime Environment (8.0_112-b06) (build 1.8.0_112-release-b06)
# Java VM: OpenJDK 64-Bit Server VM (25.112-b06 mixed mode windows-amd64 compressed oops)
# Failed to write core dump. Minidumps are not enabled by default on client versions of Windows
#

---------------  T H R E A D  ---------------

Current thread (0x0000000015a99800):  JavaThread "C2 CompilerThread0" daemon [_thread_in_native, id=18064, stack(0x0000000017410000,0x0000000017510000)]

Stack: [0x0000000017410000,0x0000000017510000]
[error occurred during error reporting (printing stack bounds), id 0xc0000005]

Native frames: (J=compiled Java code, j=interpreted, Vv=VM code, C=native code)


Current CompileTask:
C2:  16232 6253       4       groovy.lang.MetaClassImpl::addMetaMethodToIndex (65 bytes)


---------------  P R O C E S S  ---------------

Java Threads: ( => current thread )
  0x000000001b22f800 JavaThread "File lock request listener" [_thread_in_native, id=14424, stack(0x000000001bf60000,0x000000001c060000)]
  0x000000001880a000 JavaThread "Stdin handler" [_thread_blocked, id=5752, stack(0x000000001ac90000,0x000000001ad90000)]
  0x0000000018c8e800 JavaThread "Asynchronous log dispatcher for DefaultDaemonConnection: socket connection from /127.0.0.1:61789 to /127.0.0.1:61790" [_thread_blocked, id=12412, stack(0x000000001ab90000,0x000000001ac90000)]
  0x0000000018f1d800 JavaThread "Daemon worker" [_thread_in_vm, id=8680, stack(0x000000001aa90000,0x000000001ab90000)]
  0x0000000018812800 JavaThread "Cancel handler" [_thread_blocked, id=5396, stack(0x000000001a990000,0x000000001aa90000)]
  0x0000000018d4a800 JavaThread "pool-1-thread-1" [_thread_blocked, id=4152, stack(0x000000001a890000,0x000000001a990000)]
  0x0000000018d42800 JavaThread "Handler for socket connection from /127.0.0.1:61789 to /127.0.0.1:61790" [_thread_in_native, id=4452, stack(0x000000001a790000,0x000000001a890000)]
  0x0000000018c55800 JavaThread "Daemon" [_thread_blocked, id=7564, stack(0x000000001a690000,0x000000001a790000)]
  0x0000000018763800 JavaThread "Incoming local TCP Connector on port 61789" [_thread_in_native, id=16596, stack(0x00000000190e0000,0x00000000191e0000)]
  0x0000000016e57000 JavaThread "Service Thread" daemon [_thread_blocked, id=6192, stack(0x0000000017710000,0x0000000017810000)]
  0x0000000016e26000 JavaThread "C1 CompilerThread2" daemon [_thread_blocked, id=14964, stack(0x0000000017610000,0x0000000017710000)]
  0x0000000015a9e000 JavaThread "C2 CompilerThread1" daemon [_thread_in_native, id=18156, stack(0x0000000017510000,0x0000000017610000)]
=>0x0000000015a99800 JavaThread "C2 CompilerThread0" daemon [_thread_in_native, id=18064, stack(0x0000000017410000,0x0000000017510000)]
  0x0000000015a98800 JavaThread "Attach Listener" daemon [_thread_blocked, id=1696, stack(0x0000000017310000,0x0000000017410000)]
  0x0000000015a4c800 JavaThread "Signal Dispatcher" daemon [_thread_blocked, id=5916, stack(0x0000000017210000,0x0000000017310000)]
  0x0000000015a28800 JavaThread "Finalizer" daemon [_thread_blocked, id=5676, stack(0x0000000016cb0000,0x0000000016db0000)]
  0x0000000003361800 JavaThread "Reference Handler" daemon [_thread_blocked, id=3184, stack(0x0000000016bb0000,0x0000000016cb0000)]
  0x00000000010be800 JavaThread "main" [_thread_blocked, id=8352, stack(0x0000000002d90000,0x0000000002e90000)]

Other Threads:
  0x0000000015a05800 VMThread [stack: 0x0000000016ab0000,0x0000000016bb0000] [id=14780]
  0x0000000016e57800 WatcherThread [stack: 0x0000000017810000,0x0000000017910000] [id=14152]

VM state:not at safepoint (normal execution)

VM Mutex/Monitor currently owned by a thread: None

Heap:
 PSYoungGen      total 99840K, used 96453K [0x00000000eab00000, 0x00000000f2c00000, 0x0000000100000000)
  eden space 87552K, 96% used [0x00000000eab00000,0x00000000efd380e8,0x00000000f0080000)
  from space 12288K, 99% used [0x00000000f2000000,0x00000000f2bf9370,0x00000000f2c00000)
  to   space 10752K, 0% used [0x00000000f0080000,0x00000000f0080000,0x00000000f0b00000)
 ParOldGen       total 95232K, used 20178K [0x00000000c0000000, 0x00000000c5d00000, 0x00000000eab00000)
  object space 95232K, 21% used [0x00000000c0000000,0x00000000c13b4bd0,0x00000000c5d00000)
 Metaspace       used 51654K, capacity 53434K, committed 53632K, reserved 1095680K
  class space    used 7073K, capacity 7504K, committed 7552K, reserved 1048576K

Card table byte_map: [0x0000000012730000,0x0000000012940000] byte_map_base: 0x0000000012130000

Marking Bits: (ParMarkBitMap*) 0x0000000077f818f0
 Begin Bits: [0x0000000012ea0000, 0x0000000013ea0000)
 End Bits:   [0x0000000013ea0000, 0x0000000014ea0000)

Polling page: 0x00000000010a0000

CodeCache: size=245760Kb used=21412Kb max_used=21412Kb free=224347Kb
 bounds [0x0000000003370000, 0x0000000004870000, 0x0000000012370000]
 total_blobs=6593 nmethods=5845 adapters=660
 compilation: enabled

Compilation events (10 events):
Event: 16.215 Thread 0x0000000016e26000 6284       3       org.gradle.api.internal.AbstractTask::compareTo (9 bytes)
Event: 16.215 Thread 0x0000000016e26000 nmethod 6284 0x0000000004866050 code [0x00000000048661c0, 0x00000000048664c8]
Event: 16.215 Thread 0x0000000016e26000 6281       3       org.gradle.api.internal.project.DefaultProject::depthCompare (24 bytes)
Event: 16.216 Thread 0x0000000016e26000 nmethod 6281 0x0000000004866590 code [0x0000000004866760, 0x0000000004866ff0]
Event: 16.216 Thread 0x0000000016e26000 6285       3       org.gradle.api.internal.AbstractTask::compareTo (36 bytes)
Event: 16.216 Thread 0x0000000016e26000 nmethod 6285 0x0000000004867410 code [0x00000000048675c0, 0x0000000004867bf8]
Event: 16.217 Thread 0x0000000016e26000 6286       3       org.gradle.api.internal.plugins.ExtraPropertiesDynamicObjectAdapter::<init> (15 bytes)
Event: 16.218 Thread 0x0000000016e26000 nmethod 6286 0x0000000004867e50 code [0x0000000004867fc0, 0x00000000048681f0]
Event: 16.225 Thread 0x0000000016e26000 6287       3       groovyjarjarasm.asm.ClassWriter::newClass (9 bytes)
Event: 16.225 Thread 0x0000000016e26000 nmethod 6287 0x00000000048682d0 code [0x0000000004868440, 0x00000000048685e8]

GC Heap History (10 events):
Event: 9.769 GC heap before
{Heap before GC invocations=10 (full 1):
 PSYoungGen      total 74752K, used 17865K [0x00000000eab00000, 0x00000000eff80000, 0x0000000100000000)
  eden space 64000K, 13% used [0x00000000eab00000,0x00000000eb354e30,0x00000000ee980000)
  from space 10752K, 86% used [0x00000000ef500000,0x00000000efe1d8d8,0x00000000eff80000)
  to   space 11264K, 0% used [0x00000000ee980000,0x00000000ee980000,0x00000000ef480000)
 ParOldGen       total 68608K, used 9709K [0x00000000c0000000, 0x00000000c4300000, 0x00000000eab00000)
  object space 68608K, 14% used [0x00000000c0000000,0x00000000c097b610,0x00000000c4300000)
 Metaspace       used 34548K, capacity 35360K, committed 35496K, reserved 1079296K
  class space    used 4649K, capacity 4852K, committed 4864K, reserved 1048576K
Event: 9.800 GC heap after
Heap after GC invocations=10 (full 1):
 PSYoungGen      total 75264K, used 7269K [0x00000000eab00000, 0x00000000f1a00000, 0x0000000100000000)
  eden space 64000K, 0% used [0x00000000eab00000,0x00000000eab00000,0x00000000ee980000)
  from space 11264K, 64% used [0x00000000ee980000,0x00000000ef099658,0x00000000ef480000)
  to   space 11264K, 0% used [0x00000000f0f00000,0x00000000f0f00000,0x00000000f1a00000)
 ParOldGen       total 68608K, used 9709K [0x00000000c0000000, 0x00000000c4300000, 0x00000000eab00000)
  object space 68608K, 14% used [0x00000000c0000000,0x00000000c097b610,0x00000000c4300000)
 Metaspace       used 34548K, capacity 35360K, committed 35496K, reserved 1079296K
  class space    used 4649K, capacity 4852K, committed 4864K, reserved 1048576K
}
Event: 9.800 GC heap before
{Heap before GC invocations=11 (full 2):
 PSYoungGen      total 75264K, used 7269K [0x00000000eab00000, 0x00000000f1a00000, 0x0000000100000000)
  eden space 64000K, 0% used [0x00000000eab00000,0x00000000eab00000,0x00000000ee980000)
  from space 11264K, 64% used [0x00000000ee980000,0x00000000ef099658,0x00000000ef480000)
  to   space 11264K, 0% used [0x00000000f0f00000,0x00000000f0f00000,0x00000000f1a00000)
 ParOldGen       total 68608K, used 9709K [0x00000000c0000000, 0x00000000c4300000, 0x00000000eab00000)
  object space 68608K, 14% used [0x00000000c0000000,0x00000000c097b610,0x00000000c4300000)
 Metaspace       used 34548K, capacity 35360K, committed 35496K, reserved 1079296K
  class space    used 4649K, capacity 4852K, committed 4864K, reserved 1048576K
Event: 10.050 GC heap after
Heap after GC invocations=11 (full 2):
 PSYoungGen      total 75264K, used 0K [0x00000000eab00000, 0x00000000f1a00000, 0x0000000100000000)
  eden space 64000K, 0% used [0x00000000eab00000,0x00000000eab00000,0x00000000ee980000)
  from space 11264K, 0% used [0x00000000ee980000,0x00000000ee980000,0x00000000ef480000)
  to   space 11264K, 0% used [0x00000000f0f00000,0x00000000f0f00000,0x00000000f1a00000)
 ParOldGen       total 95232K, used 14032K [0x00000000c0000000, 0x00000000c5d00000, 0x00000000eab00000)
  object space 95232K, 14% used [0x00000000c0000000,0x00000000c0db4050,0x00000000c5d00000)
 Metaspace       used 34548K, capacity 35360K, committed 35496K, reserved 1079296K
  class space    used 4649K, capacity 4852K, committed 4864K, reserved 1048576K
}
Event: 11.169 GC heap before
{Heap before GC invocations=12 (full 2):
 PSYoungGen      total 75264K, used 64000K [0x00000000eab00000, 0x00000000f1a00000, 0x0000000100000000)
  eden space 64000K, 100% used [0x00000000eab00000,0x00000000ee980000,0x00000000ee980000)
  from space 11264K, 0% used [0x00000000ee980000,0x00000000ee980000,0x00000000ef480000)
  to   space 11264K, 0% used [0x00000000f0f00000,0x00000000f0f00000,0x00000000f1a00000)
 ParOldGen       total 95232K, used 14032K [0x00000000c0000000, 0x00000000c5d00000, 0x00000000eab00000)
  object space 95232K, 14% used [0x00000000c0000000,0x00000000c0db4050,0x00000000c5d00000)
 Metaspace       used 37746K, capacity 38614K, committed 38912K, reserved 1083392K
  class space    used 5025K, capacity 5261K, committed 5376K, reserved 1048576K
Event: 11.179 GC heap after
Heap after GC invocations=12 (full 2):
 PSYoungGen      total 90624K, used 6278K [0x00000000eab00000, 0x00000000f1580000, 0x0000000100000000)
  eden space 83968K, 0% used [0x00000000eab00000,0x00000000eab00000,0x00000000efd00000)
  from space 6656K, 94% used [0x00000000f0f00000,0x00000000f1521958,0x00000000f1580000)
  to   space 10752K, 0% used [0x00000000f0080000,0x00000000f0080000,0x00000000f0b00000)
 ParOldGen       total 95232K, used 14040K [0x00000000c0000000, 0x00000000c5d00000, 0x00000000eab00000)
  object space 95232K, 14% used [0x00000000c0000000,0x00000000c0db6050,0x00000000c5d00000)
 Metaspace       used 37746K, capacity 38614K, committed 38912K, reserved 1083392K
  class space    used 5025K, capacity 5261K, committed 5376K, reserved 1048576K
}
Event: 12.899 GC heap before
{Heap before GC invocations=13 (full 2):
 PSYoungGen      total 90624K, used 90246K [0x00000000eab00000, 0x00000000f1580000, 0x0000000100000000)
  eden space 83968K, 100% used [0x00000000eab00000,0x00000000efd00000,0x00000000efd00000)
  from space 6656K, 94% used [0x00000000f0f00000,0x00000000f1521958,0x00000000f1580000)
  to   space 10752K, 0% used [0x00000000f0080000,0x00000000f0080000,0x00000000f0b00000)
 ParOldGen       total 95232K, used 14040K [0x00000000c0000000, 0x00000000c5d00000, 0x00000000eab00000)
  object space 95232K, 14% used [0x00000000c0000000,0x00000000c0db6050,0x00000000c5d00000)
 Metaspace       used 43997K, capacity 44990K, committed 45184K, reserved 1087488K
  class space    used 5935K, capacity 6223K, committed 6272K, reserved 1048576K
Event: 12.913 GC heap after
Heap after GC invocations=13 (full 2):
 PSYoungGen      total 98304K, used 10737K [0x00000000eab00000, 0x00000000f2c00000, 0x0000000100000000)
  eden space 87552K, 0% used [0x00000000eab00000,0x00000000eab00000,0x00000000f0080000)
  from space 10752K, 99% used [0x00000000f0080000,0x00000000f0afc560,0x00000000f0b00000)
  to   space 12288K, 0% used [0x00000000f2000000,0x00000000f2000000,0x00000000f2c00000)
 ParOldGen       total 95232K, used 15299K [0x00000000c0000000, 0x00000000c5d00000, 0x00000000eab00000)
  object space 95232K, 16% used [0x00000000c0000000,0x00000000c0ef0d78,0x00000000c5d00000)
 Metaspace       used 43997K, capacity 44990K, committed 45184K, reserved 1087488K
  class space    used 5935K, capacity 6223K, committed 6272K, reserved 1048576K
}
Event: 14.866 GC heap before
{Heap before GC invocations=14 (full 2):
 PSYoungGen      total 98304K, used 98289K [0x00000000eab00000, 0x00000000f2c00000, 0x0000000100000000)
  eden space 87552K, 100% used [0x00000000eab00000,0x00000000f0080000,0x00000000f0080000)
  from space 10752K, 99% used [0x00000000f0080000,0x00000000f0afc560,0x00000000f0b00000)
  to   space 12288K, 0% used [0x00000000f2000000,0x00000000f2000000,0x00000000f2c00000)
 ParOldGen       total 95232K, used 15299K [0x00000000c0000000, 0x00000000c5d00000, 0x00000000eab00000)
  object space 95232K, 16% used [0x00000000c0000000,0x00000000c0ef0d78,0x00000000c5d00000)
 Metaspace       used 48405K, capacity 49968K, committed 50304K, reserved 1093632K
  class space    used 6578K, capacity 6921K, committed 7040K, reserved 1048576K
Event: 14.893 GC heap after
Heap after GC invocations=14 (full 2):
 PSYoungGen      total 99840K, used 12260K [0x00000000eab00000, 0x00000000f2c00000, 0x0000000100000000)
  eden space 87552K, 0% used [0x00000000eab00000,0x00000000eab00000,0x00000000f0080000)
  from space 12288K, 99% used [0x00000000f2000000,0x00000000f2bf9370,0x00000000f2c00000)
  to   space 10752K, 0% used [0x00000000f0080000,0x00000000f0080000,0x00000000f0b00000)
 ParOldGen       total 95232K, used 20178K [0x00000000c0000000, 0x00000000c5d00000, 0x00000000eab00000)
  object space 95232K, 21% used [0x00000000c0000000,0x00000000c13b4bd0,0x00000000c5d00000)
 Metaspace       used 48405K, capacity 49968K, committed 50304K, reserved 1093632K
  class space    used 6578K, capacity 6921K, committed 7040K, reserved 1048576K
}

Deoptimization events (10 events):
Event: 15.470 Thread 0x0000000018f1d800 Uncommon trap: reason=class_check action=maybe_recompile pc=0x000000000353ca28 method=java.lang.String.equals(Ljava/lang/Object;)Z @ 8
Event: 15.819 Thread 0x0000000018f1d800 Uncommon trap: reason=predicate action=maybe_recompile pc=0x0000000003704d24 method=org.gradle.internal.logging.text.AbstractLineChoppingStyledTextOutput.doAppend(Ljava/lang/String;)V @ 10
Event: 15.899 Thread 0x0000000018f1d800 Uncommon trap: reason=unstable_if action=reinterpret pc=0x0000000003820bc0 method=java.lang.reflect.AccessibleObject.setAccessible0(Ljava/lang/reflect/AccessibleObject;Z)V @ 23
Event: 15.901 Thread 0x0000000018f1d800 Uncommon trap: reason=unstable_if action=reinterpret pc=0x0000000003f82838 method=java.util.WeakHashMap.eq(Ljava/lang/Object;Ljava/lang/Object;)Z @ 10
Event: 16.003 Thread 0x0000000018f1d800 Uncommon trap: reason=unstable_if action=reinterpret pc=0x0000000003b0b4b4 method=java.lang.String.lastIndexOf([CII[CIII)I @ 118
Event: 16.054 Thread 0x0000000018f1d800 Uncommon trap: reason=class_check action=maybe_recompile pc=0x0000000004295358 method=java.util.regex.Matcher.search(I)Z @ 86
Event: 16.055 Thread 0x0000000018f1d800 Uncommon trap: reason=class_check action=maybe_recompile pc=0x0000000004295358 method=java.util.regex.Matcher.search(I)Z @ 86
Event: 16.056 Thread 0x0000000018f1d800 Uncommon trap: reason=class_check action=maybe_recompile pc=0x0000000004295358 method=java.util.regex.Matcher.search(I)Z @ 86
Event: 16.188 Thread 0x0000000018f1d800 Uncommon trap: reason=unstable_if action=reinterpret pc=0x000000000438ef30 method=java.util.WeakHashMap.eq(Ljava/lang/Object;Ljava/lang/Object;)Z @ 10
Event: 16.196 Thread 0x0000000018f1d800 Uncommon trap: reason=class_check action=maybe_recompile pc=0x0000000003f8c2c0 method=java.lang.Throwable.<init>(Ljava/lang/String;Ljava/lang/Throwable;)V @ 24

Internal exceptions (10 events):
Event: 16.208 Thread 0x0000000018f1d800 Exception <a 'java/lang/ClassNotFoundException': java/util/LinkedHashSetBeanInfo> (0x00000000efac6448) thrown at [C:\src\android\AOSP-openjdk\external\jetbrains\jdk\hotspot\src\share\vm\classfile\systemDictionary.cpp, line 210]
Event: 16.208 Thread 0x0000000018f1d800 Exception <a 'java/lang/ClassNotFoundException': java/util/HashSetBeanInfo> (0x00000000efacc610) thrown at [C:\src\android\AOSP-openjdk\external\jetbrains\jdk\hotspot\src\share\vm\classfile\systemDictionary.cpp, line 210]
Event: 16.208 Thread 0x0000000018f1d800 Exception <a 'java/lang/ClassNotFoundException': java/util/HashSetCustomizer> (0x00000000efad2d98) thrown at [C:\src\android\AOSP-openjdk\external\jetbrains\jdk\hotspot\src\share\vm\classfile\systemDictionary.cpp, line 210]
Event: 16.209 Thread 0x0000000018f1d800 Exception <a 'java/lang/ClassNotFoundException': java/util/LinkedHashSetCustomizer> (0x00000000efae4540) thrown at [C:\src\android\AOSP-openjdk\external\jetbrains\jdk\hotspot\src\share\vm\classfile\systemDictionary.cpp, line 210]
Event: 16.219 Thread 0x0000000018f1d800 Exception <a 'java/lang/ClassNotFoundException': org/gradle/api/tasks/diagnostics/BuildEnvironmentReportTask_DecoratedBeanInfo> (0x00000000efb7ccf0) thrown at [C:\src\android\AOSP-openjdk\external\jetbrains\jdk\hotspot\src\share\vm\classfile\systemDictionaë~680@
Event: 16.220 Thread 0x0000000018f1d800 Exception <a 'java/lang/ClassNotFoundException': org/gradle/api/tasks/diagnostics/BuildEnvironmentReportTaskBeanInfo> (0x00000000efba1d90) thrown at [C:\src\android\AOSP-openjdk\external\jetbrains\jdk\hotspot\src\share\vm\classfile\systemDictionary.cpp, liUNxÜV80@
Event: 16.220 Thread 0x0000000018f1d800 Exception <a 'java/lang/ClassNotFoundException': org/gradle/api/tasks/diagnostics/BuildEnvironmentReportTaskCustomizer> (0x00000000efbc77b0) thrown at [C:\src\android\AOSP-openjdk\external\jetbrains\jdk\hotspot\src\share\vm\classfile\systemDictionary.cpp, ož¿{Š80@
Event: 16.221 Thread 0x0000000018f1d800 Exception <a 'java/lang/ClassNotFoundException': org/gradle/api/tasks/diagnostics/BuildEnvironmentReportTask_DecoratedCustomizer> (0x00000000efbff900) thrown at [C:\src\android\AOSP-openjdk\external\jetbrains\jdk\hotspot\src\share\vm\classfile\systemDictioðåb90@
Event: 16.223 Thread 0x0000000018f1d800 Exception <a 'java/lang/ClassNotFoundException': java/util/LinkedHashMapBeanInfo> (0x00000000efc41f78) thrown at [C:\src\android\AOSP-openjdk\external\jetbrains\jdk\hotspot\src\share\vm\classfile\systemDictionary.cpp, line 210]
Event: 16.223 Thread 0x0000000018f1d800 Exception <a 'java/lang/ClassNotFoundException': java/util/LinkedHashMapCustomizer> (0x00000000efc48db0) thrown at [C:\src\android\AOSP-openjdk\external\jetbrains\jdk\hotspot\src\share\vm\classfile\systemDictionary.cpp, line 210]

Events (10 events):
Event: 16.223 loading class java/util/LinkedHashMapCustomizer
Event: 16.223 loading class java/util/LinkedHashMapCustomizer done
Event: 16.223 loading class java/util/LinkedHashMapCustomizer
Event: 16.223 loading class java/util/LinkedHashMapCustomizer done
Event: 16.224 loading class org/codehaus/groovy/runtime/dgm$238
Event: 16.224 loading class org/codehaus/groovy/runtime/dgm$238 done
Event: 16.225 loading class groovy/lang/GroovyRuntimeException
Event: 16.225 loading class groovy/lang/GroovyRuntimeException done
Event: 16.226 loading class org/jetbrains/plugins/gradle/model/DefaultExternalTask
Event: 16.226 loading class org/jetbrains/plugins/gradle/model/DefaultExternalTask done


Dynamic libraries:
0x00007ff6fda90000 - 0x00007ff6fdac1000 	C:\Program Files\Android\Android Studio\jre\bin\java.exe
0x00007ffceef90000 - 0x00007ffcef171000 	C:\WINDOWS\SYSTEM32\ntdll.dll
0x00007ffcee9f0000 - 0x00007ffceeaa2000 	C:\WINDOWS\System32\KERNEL32.DLL
0x00007ffceb7a0000 - 0x00007ffceba13000 	C:\WINDOWS\System32\KERNELBASE.dll
0x00007ffceca50000 - 0x00007ffcecaf1000 	C:\WINDOWS\System32\ADVAPI32.dll
0x00007ffceed20000 - 0x00007ffceedbe000 	C:\WINDOWS\System32\msvcrt.dll
0x00007ffcec8e0000 - 0x00007ffcec93b000 	C:\WINDOWS\System32\sechost.dll
0x00007ffcee270000 - 0x00007ffcee394000 	C:\WINDOWS\System32\RPCRT4.dll
0x00007ffcee040000 - 0x00007ffcee1d0000 	C:\WINDOWS\System32\USER32.dll
0x00007ffceb510000 - 0x00007ffceb530000 	C:\WINDOWS\System32\win32u.dll
0x00007ffceca20000 - 0x00007ffceca48000 	C:\WINDOWS\System32\GDI32.dll
0x00007ffcec180000 - 0x00007ffcec312000 	C:\WINDOWS\System32\gdi32full.dll
0x00007ffcec320000 - 0x00007ffcec3bf000 	C:\WINDOWS\System32\msvcp_win.dll
0x00007ffceb410000 - 0x00007ffceb50a000 	C:\WINDOWS\System32\ucrtbase.dll
0x00007ffcd7c60000 - 0x00007ffcd7ec9000 	C:\WINDOWS\WinSxS\amd64_microsoft.windows.common-controls_6595b64144ccf1df_6.0.17134.48_none_b4b2216a3cb4dd3e\COMCTL32.dll
0x00007ffcec5b0000 - 0x00007ffcec8d3000 	C:\WINDOWS\System32\combase.dll
0x00007ffceb720000 - 0x00007ffceb79a000 	C:\WINDOWS\System32\bcryptPrimitives.dll
0x00007ffcee240000 - 0x00007ffcee26d000 	C:\WINDOWS\System32\IMM32.DLL
0x0000000051050000 - 0x0000000051122000 	C:\Program Files\Android\Android Studio\jre\jre\bin\msvcr100.dll
0x00000000777c0000 - 0x0000000077ffc000 	C:\Program Files\Android\Android Studio\jre\jre\bin\server\jvm.dll
0x00007ffcee7f0000 - 0x00007ffcee7f8000 	C:\WINDOWS\System32\PSAPI.DLL
0x00007ffce3420000 - 0x00007ffce3429000 	C:\WINDOWS\SYSTEM32\WSOCK32.dll
0x00007ffce7b80000 - 0x00007ffce7ba3000 	C:\WINDOWS\SYSTEM32\WINMM.dll
0x00007ffce0cb0000 - 0x00007ffce0cba000 	C:\WINDOWS\SYSTEM32\VERSION.dll
0x00007ffce7b50000 - 0x00007ffce7b7a000 	C:\WINDOWS\SYSTEM32\winmmbase.dll
0x00007ffcee1d0000 - 0x00007ffcee23c000 	C:\WINDOWS\System32\WS2_32.dll
0x00007ffceba20000 - 0x00007ffceba69000 	C:\WINDOWS\System32\cfgmgr32.dll
0x00007ffce2e10000 - 0x00007ffce2e1f000 	C:\Program Files\Android\Android Studio\jre\jre\bin\verify.dll
0x00007ffce1b10000 - 0x00007ffce1b39000 	C:\Program Files\Android\Android Studio\jre\jre\bin\java.dll
0x00007ffcdc540000 - 0x00007ffcdc556000 	C:\Program Files\Android\Android Studio\jre\jre\bin\zip.dll
0x00007ffcecb00000 - 0x00007ffcedf40000 	C:\WINDOWS\System32\SHELL32.dll
0x00007ffceec70000 - 0x00007ffceed19000 	C:\WINDOWS\System32\shcore.dll
0x00007ffceba70000 - 0x00007ffcec17d000 	C:\WINDOWS\System32\windows.storage.dll
0x00007ffcec9c0000 - 0x00007ffceca11000 	C:\WINDOWS\System32\shlwapi.dll
0x00007ffceb2c0000 - 0x00007ffceb2d1000 	C:\WINDOWS\System32\kernel.appcore.dll
0x00007ffceb340000 - 0x00007ffceb35f000 	C:\WINDOWS\System32\profapi.dll
0x00007ffceb2f0000 - 0x00007ffceb33c000 	C:\WINDOWS\System32\powrprof.dll
0x00007ffceb2e0000 - 0x00007ffceb2ea000 	C:\WINDOWS\System32\FLTLIB.DLL
0x00007ffcdbd90000 - 0x00007ffcdbdaa000 	C:\Program Files\Android\Android Studio\jre\jre\bin\net.dll
0x00007ffceab00000 - 0x00007ffceab66000 	C:\WINDOWS\system32\mswsock.dll
0x00007ffce98a0000 - 0x00007ffce98b1000 	C:\Program Files\Android\Android Studio\jre\jre\bin\nio.dll
0x00007ffce14e0000 - 0x00007ffce14fe000 	C:\Users\frankie\.gradle\native\23\windows-amd64\native-platform.dll
0x00007ffceacb0000 - 0x00007ffceacc7000 	C:\WINDOWS\SYSTEM32\CRYPTSP.dll
0x00007ffcea6e0000 - 0x00007ffcea713000 	C:\WINDOWS\system32\rsaenh.dll
0x00007ffceade0000 - 0x00007ffceae05000 	C:\WINDOWS\SYSTEM32\bcrypt.dll
0x00007ffceb1d0000 - 0x00007ffceb1f8000 	C:\WINDOWS\SYSTEM32\USERENV.dll
0x00007ffceacd0000 - 0x00007ffceacdb000 	C:\WINDOWS\SYSTEM32\CRYPTBASE.dll
0x00007ffcea880000 - 0x00007ffcea8b8000 	C:\WINDOWS\SYSTEM32\IPHLPAPI.DLL
0x00007ffcee9e0000 - 0x00007ffcee9e8000 	C:\WINDOWS\System32\NSI.dll
0x00007ffce1aa0000 - 0x00007ffce1ab6000 	C:\WINDOWS\SYSTEM32\dhcpcsvc6.DLL
0x00007ffce1a60000 - 0x00007ffce1a7a000 	C:\WINDOWS\SYSTEM32\dhcpcsvc.DLL
0x00007ffce21f0000 - 0x00007ffce21fd000 	C:\Program Files\Android\Android Studio\jre\jre\bin\management.dll

VM Arguments:
jvm_args: -XX:MaxPermSize=256m -XX:+HeapDumpOnOutOfMemoryError -Xmx1024m -Dfile.encoding=GBK -Duser.country=CN -Duser.language=zh -Duser.variant 
java_command: org.gradle.launcher.daemon.bootstrap.GradleDaemon 3.3
java_class_path (initial): C:\Users\frankie\.gradle\wrapper\dists\gradle-3.3-all\55gk2rcmfc6p2dg9u9ohc3hw9\gradle-3.3\lib\gradle-launcher-3.3.jar
Launcher Type: SUN_STANDARD

Environment Variables:
JAVA_HOME=C:\Program Files\Java\jdk1.8.0_121
CLASSPATH=.;C:\Program Files\Java\jdk1.8.0_121\lib\dt.jar;C:\Program Files\Java\jdk1.8.0_121\lib\tools.jar;
PATH=C:\ProgramData\Oracle\Java\javapath;C:\WINDOWS\system32;C:\WINDOWS;C:\WINDOWS\System32\Wbem;C:\WINDOWS\System32\WindowsPowerShell\v1.0\;C:\Program Files\Java\jdk1.8.0_121\bin;C:\Program Files\Java\jdk1.8.0_121\jre\bin;C:\Program Files (x86)\Windows Kits\10\Windows Performance Toolkit\;U:\PuTTY\;C:\Program Files\MATLAB\R2018a\bin;C:\WINDOWS\System32\OpenSSH\;C:\Users\frankie\git;C:\Users\frankie\AppData\Local\Microsoft\WindowsApps;C:\Users\frankie\AppData\Local\GitHubDesktop\bin;U:\MiKTeX\miktex\bin\x64\;%USERPROFILE%\AppData\Local\Microsoft\WindowsApps;
USERNAME=frankie
OS=Windows_NT
PROCESSOR_IDENTIFIER=Intel64 Family 6 Model 78 Stepping 3, GenuineIntel



---------------  S Y S T E M  ---------------

OS: Windows 10.0 , 64 bit Build 17134 (10.0.17134.1)

CPU:total 4 (2 cores per cpu, 2 threads per core) family 6 model 78 stepping 3, cmov, cx8, fxsr, mmx, sse, sse2, sse3, ssse3, sse4.1, sse4.2, popcnt, avx, avx2, aes, clmul, erms, rtm, 3dnowpref, lzcnt, ht, tsc, tscinvbit, bmi1, bmi2, adx

Memory: 4k page, physical 8311916k(1716776k free), swap 10409068k(4948k free)

vm_info: OpenJDK 64-Bit Server VM (25.112-b06) for windows-amd64 JRE (1.8.0_112-release-b06), built on Dec  8 2016 00:54:26 by "builder" with MS VC++ 10.0 (VS2010)

time: Fri Aug 24 17:34:08 2018
elapsed time: 16 seconds (0d 0h 0m 16s)

