#
# There is insufficient memory for the Java Runtime Environment to continue.
# Native memory allocation (malloc) failed to allocate 2832 bytes for AllocateHeap
# Possible reasons:
#   The system is out of physical RAM or swap space
#   In 32 bit mode, the process size limit was hit
# Possible solutions:
#   Reduce memory load on the system
#   Increase physical memory or swap space
#   Check if swap backing store is full
#   Use 64 bit Java on a 64 bit OS
#   Decrease Java heap size (-Xmx/-Xms)
#   Decrease number of Java threads
#   Decrease Java thread stack sizes (-Xss)
#   Set larger code cache with -XX:ReservedCodeCacheSize=
# This output file may be truncated or incomplete.
#
#  Out of Memory Error (memory/allocation.inline.hpp:61), pid=11396, tid=0x00000000000015d0
#
# JRE version: OpenJDK Runtime Environment (8.0_112-b06) (build 1.8.0_112-release-b06)
# Java VM: OpenJDK 64-Bit Server VM (25.112-b06 mixed mode windows-amd64 compressed oops)
# Failed to write core dump. Minidumps are not enabled by default on client versions of Windows
#

---------------  T H R E A D  ---------------

Current thread (0x0000000002a21000):  JavaThread "main" [_thread_in_Java, id=5584, stack(0x0000000002570000,0x0000000002670000)]

Stack: [0x0000000002570000,0x0000000002670000]
[error occurred during error reporting (printing stack bounds), id 0xe0000000]

Native frames: (J=compiled Java code, j=interpreted, Vv=VM code, C=native code)

Java frames: (J=compiled Java code, j=interpreted, Vv=VM code)
v  blob 0x0000000002b654fa
J 695 C2 com.android.dx.rop.code.RegisterSpec.intern(ILcom/android/dx/rop/type/TypeBearer;Lcom/android/dx/rop/code/LocalItem;)Lcom/android/dx/rop/code/RegisterSpec; (70 bytes) @ 0x0000000002e4524c [0x0000000002e43ee0+0x136c]
J 663 C1 com.android.dx.cf.code.RopperMachine.run(Lcom/android/dx/cf/code/Frame;II)V (1581 bytes) @ 0x0000000002dccc74 [0x0000000002dcc320+0x954]
j  com.android.dx.cf.code.Simulator$SimVisitor.visitConstant(IIILcom/android/dx/rop/cst/Constant;I)V+438
J 431 C1 com.android.dx.cf.code.BytecodeArray.parseInstruction(ILcom/android/dx/cf/code/BytecodeArray$Visitor;)I (2764 bytes) @ 0x0000000002d2b0ec [0x0000000002d22dc0+0x832c]
j  com.android.dx.cf.code.Simulator.simulate(Lcom/android/dx/cf/code/ByteBlock;Lcom/android/dx/cf/code/Frame;)V+35
j  com.android.dx.cf.code.Ropper.processBlock(Lcom/android/dx/cf/code/ByteBlock;Lcom/android/dx/cf/code/Frame;[I)V+29
j  com.android.dx.cf.code.Ropper.doit()V+61
j  com.android.dx.cf.code.Ropper.convert(Lcom/android/dx/cf/code/ConcreteMethod;Lcom/android/dx/rop/code/TranslationAdvice;Lcom/android/dx/cf/iface/MethodList;Lcom/android/dx/dex/DexOptions;)Lcom/android/dx/rop/code/RopMethod;+15
j  com.android.dx.dex.cf.CfTranslator.processMethods(Lcom/android/dx/command/dexer/DxContext;Lcom/android/dx/cf/direct/DirectClassFile;Lcom/android/dx/dex/cf/CfOptions;Lcom/android/dx/dex/DexOptions;Lcom/android/dx/dex/file/ClassDefItem;Lcom/android/dx/dex/file/DexFile;)V+177
j  com.android.dx.dex.cf.CfTranslator.translate0(Lcom/android/dx/command/dexer/DxContext;Lcom/android/dx/cf/direct/DirectClassFile;[BLcom/android/dx/dex/cf/CfOptions;Lcom/android/dx/dex/DexOptions;Lcom/android/dx/dex/file/DexFile;)Lcom/android/dx/dex/file/ClassDefItem;+126
j  com.android.dx.dex.cf.CfTranslator.translate(Lcom/android/dx/command/dexer/DxContext;Lcom/android/dx/cf/direct/DirectClassFile;[BLcom/android/dx/dex/cf/CfOptions;Lcom/android/dx/dex/DexOptions;Lcom/android/dx/dex/file/DexFile;)Lcom/android/dx/dex/file/ClassDefItem;+8
j  com.android.dx.command.dexer.Main.translateClass([BLcom/android/dx/cf/direct/DirectClassFile;)Lcom/android/dx/dex/file/ClassDefItem;+24
j  com.android.dx.command.dexer.Main.access$2700(Lcom/android/dx/command/dexer/Main;[BLcom/android/dx/cf/direct/DirectClassFile;)Lcom/android/dx/dex/file/ClassDefItem;+3
j  com.android.dx.command.dexer.Main$ClassTranslatorTask.call()Lcom/android/dx/dex/file/ClassDefItem;+12
j  com.android.dx.command.dexer.Main$ClassTranslatorTask.call()Ljava/lang/Object;+1
j  java.util.concurrent.FutureTask.run()V+42
j  java.util.concurrent.ThreadPoolExecutor$CallerRunsPolicy.rejectedExecution(Ljava/lang/Runnable;Ljava/util/concurrent/ThreadPoolExecutor;)V+8
j  java.util.concurrent.ThreadPoolExecutor.reject(Ljava/lang/Runnable;)V+6
j  java.util.concurrent.ThreadPoolExecutor.execute(Ljava/lang/Runnable;)V+128
j  java.util.concurrent.AbstractExecutorService.submit(Ljava/util/concurrent/Callable;)Ljava/util/concurrent/Future;+20
j  com.android.dx.command.dexer.Main$DirectClassFileConsumer.call(Lcom/android/dx/cf/direct/DirectClassFile;)Ljava/lang/Boolean;+395
j  com.android.dx.command.dexer.Main$DirectClassFileConsumer.access$700(Lcom/android/dx/command/dexer/Main$DirectClassFileConsumer;Lcom/android/dx/cf/direct/DirectClassFile;)Ljava/lang/Boolean;+2
j  com.android.dx.command.dexer.Main.processClass(Ljava/lang/String;[B)Z+41
j  com.android.dx.command.dexer.Main.processFileBytes(Ljava/lang/String;J[B)Z+206
j  com.android.dx.command.dexer.Main.access$1200(Lcom/android/dx/command/dexer/Main;Ljava/lang/String;J[B)Z+5
j  com.android.dx.command.dexer.Main$FileBytesConsumer.processFileBytes(Ljava/lang/String;J[B)Z+8
j  com.android.dx.cf.direct.ClassPathOpener.processOne(Ljava/io/File;Z)Z+82
j  com.android.dx.cf.direct.ClassPathOpener.processDirectory(Ljava/io/File;Z)Z+64
j  com.android.dx.cf.direct.ClassPathOpener.processOne(Ljava/io/File;Z)Z+10
j  com.android.dx.cf.direct.ClassPathOpener.processDirectory(Ljava/io/File;Z)Z+64
j  com.android.dx.cf.direct.ClassPathOpener.processOne(Ljava/io/File;Z)Z+10
j  com.android.dx.cf.direct.ClassPathOpener.processDirectory(Ljava/io/File;Z)Z+64
j  com.android.dx.cf.direct.ClassPathOpener.processOne(Ljava/io/File;Z)Z+10
j  com.android.dx.cf.direct.ClassPathOpener.processDirectory(Ljava/io/File;Z)Z+64
j  com.android.dx.cf.direct.ClassPathOpener.processOne(Ljava/io/File;Z)Z+10
j  com.android.dx.cf.direct.ClassPathOpener.processDirectory(Ljava/io/File;Z)Z+64
j  com.android.dx.cf.direct.ClassPathOpener.processOne(Ljava/io/File;Z)Z+10
j  com.android.dx.cf.direct.ClassPathOpener.processDirectory(Ljava/io/File;Z)Z+64
j  com.android.dx.cf.direct.ClassPathOpener.processOne(Ljava/io/File;Z)Z+10
j  com.android.dx.cf.direct.ClassPathOpener.process()Z+15
j  com.android.dx.command.dexer.Main.processOne(Ljava/lang/String;Lcom/android/dx/cf/direct/ClassPathOpener$FileNameFilter;)V+21
j  com.android.dx.command.dexer.Main.processAllFiles()Z+297
j  com.android.dx.command.dexer.Main.runMultiDex()I+74
j  com.android.dx.command.dexer.Main.runDx(Lcom/android/dx/command/dexer/Main$Arguments;)I+76
j  com.android.dx.command.dexer.Main.main([Ljava/lang/String;)V+31
j  com.android.dx.command.Main.main([Ljava/lang/String;)V+61
v  ~StubRoutines::call_stub

---------------  P R O C E S S  ---------------

Java Threads: ( => current thread )
  0x000000001d796800 JavaThread "pool-2-thread-4" [_thread_blocked, id=12108, stack(0x000000001e440000,0x000000001e540000)]
  0x000000001d795000 JavaThread "pool-2-thread-3" [_thread_blocked, id=13004, stack(0x000000001e340000,0x000000001e440000)]
  0x000000001d792000 JavaThread "pool-2-thread-2" [_thread_blocked, id=1468, stack(0x000000001e240000,0x000000001e340000)]
  0x000000001d69d000 JavaThread "pool-3-thread-1" [_thread_blocked, id=4388, stack(0x000000001e140000,0x000000001e240000)]
  0x000000001d69c000 JavaThread "pool-2-thread-1" [_thread_blocked, id=4032, stack(0x000000001e040000,0x000000001e140000)]
  0x000000001d59d000 JavaThread "Service Thread" daemon [_thread_blocked, id=12936, stack(0x000000001de40000,0x000000001df40000)]
  0x000000001d596000 JavaThread "C1 CompilerThread2" daemon [_thread_blocked, id=6068, stack(0x000000001dd40000,0x000000001de40000)]
  0x000000001c24a800 JavaThread "C2 CompilerThread1" daemon [_thread_blocked, id=13100, stack(0x000000001dc40000,0x000000001dd40000)]
  0x000000001c248800 JavaThread "C2 CompilerThread0" daemon [_thread_blocked, id=1124, stack(0x000000001db40000,0x000000001dc40000)]
  0x000000001d548800 JavaThread "Attach Listener" daemon [_thread_blocked, id=7376, stack(0x000000001da40000,0x000000001db40000)]
  0x000000001c1e5800 JavaThread "Signal Dispatcher" daemon [_thread_blocked, id=10864, stack(0x000000001d940000,0x000000001da40000)]
  0x0000000002b15800 JavaThread "Finalizer" daemon [_thread_blocked, id=1288, stack(0x000000001d440000,0x000000001d540000)]
  0x0000000002b10800 JavaThread "Reference Handler" daemon [_thread_blocked, id=7424, stack(0x000000001d340000,0x000000001d440000)]
=>0x0000000002a21000 JavaThread "main" [_thread_in_Java, id=5584, stack(0x0000000002570000,0x0000000002670000)]

Other Threads:
  0x000000001c1b5000 VMThread [stack: 0x000000001d240000,0x000000001d340000] [id=10000]
  0x000000001d59e800 WatcherThread [stack: 0x000000001df40000,0x000000001e040000] [id=5692]

VM state:not at safepoint (normal execution)

VM Mutex/Monitor currently owned by a thread: None

Heap:
 PSYoungGen      total 38400K, used 20995K [0x000000076ab00000, 0x000000076d580000, 0x00000007c0000000)
  eden space 33280K, 63% used [0x000000076ab00000,0x000000076bf80ff0,0x000000076cb80000)
  from space 5120K, 0% used [0x000000076d080000,0x000000076d080000,0x000000076d580000)
  to   space 5120K, 0% used [0x000000076cb80000,0x000000076cb80000,0x000000076d080000)
 ParOldGen       total 87552K, used 0K [0x00000006c0000000, 0x00000006c5580000, 0x000000076ab00000)
  object space 87552K, 0% used [0x00000006c0000000,0x00000006c0000000,0x00000006c5580000)
 Metaspace       used 5669K, capacity 6832K, committed 7040K, reserved 1056768K
  class space    used 561K, capacity 616K, committed 640K, reserved 1048576K

Card table byte_map: [0x0000000011ee0000,0x00000000126f0000] byte_map_base: 0x000000000e8e0000

Marking Bits: (ParMarkBitMap*) 0x0000000052f818f0
 Begin Bits: [0x0000000013050000, 0x0000000017050000)
 End Bits:   [0x0000000017050000, 0x000000001b050000)

Polling page: 0x0000000000c80000

CodeCache: size=245760Kb used=3213Kb max_used=3223Kb free=242546Kb
 bounds [0x0000000002b20000, 0x0000000002e50000, 0x0000000011b20000]
 total_blobs=1034 nmethods=769 adapters=178
 compilation: disabled (not enough contiguous free space left)

Compilation events (10 events):
Event: 2.719 Thread 0x000000001c248800  800       4       com.android.dx.util.MutabilityControl::throwIfMutable (18 bytes)
Event: 2.719 Thread 0x000000001c248800 nmethod 800 0x0000000002e48550 code [0x0000000002e48680, 0x0000000002e486f8]
Event: 2.719 Thread 0x000000001c248800  797       4       java.util.Collections$UnmodifiableCollection$1::hasNext (10 bytes)
Event: 2.720 Thread 0x000000001c248800 nmethod 797 0x0000000002e48210 code [0x0000000002e48360, 0x0000000002e48438]
Event: 2.720 Thread 0x000000001c248800  799       4       com.android.dx.rop.type.Type::getFrameType (58 bytes)
Event: 2.721 Thread 0x000000001c24a800 nmethod 793 0x0000000002e47ad0 code [0x0000000002e47c20, 0x0000000002e47f38]
Event: 2.721 Thread 0x000000001c248800 nmethod 799 0x0000000002e41ed0 code [0x0000000002e42000, 0x0000000002e42098]
Event: 2.721 Thread 0x000000001d596000 nmethod 755 0x0000000002e3ab90 code [0x0000000002e3ad60, 0x0000000002e3b478]
Event: 2.721 Thread 0x000000001d596000  764       3       com.android.dx.ssa.LocalVariableExtractor::processBlock (383 bytes)
Event: 2.724 Thread 0x000000001d596000 


GC Heap History (0 events):
No events

Deoptimization events (4 events):
Event: 2.523 Thread 0x000000001d69c000 Uncommon trap: reason=unstable_if action=reinterpret pc=0x0000000002d61c24 method=java.util.HashMap.getNode(ILjava/lang/Object;)Ljava/util/HashMap$Node; @ 143
Event: 2.636 Thread 0x000000001d795000 Uncommon trap: reason=null_check action=make_not_entrant pc=0x0000000002dc78c0 method=com.android.dx.rop.type.Type.equals(Ljava/lang/Object;)Z @ 8
Event: 2.636 Thread 0x000000001d795000 Uncommon trap: reason=unstable_if action=reinterpret pc=0x0000000002d738f4 method=java.util.BitSet.nextSetBit(I)I @ 87
Event: 2.728 Thread 0x0000000002a21000 Uncommon trap: reason=unstable_if action=reinterpret pc=0x0000000002e4524c method=com.android.dx.rop.code.RegisterSpec.equals(ILcom/android/dx/rop/type/TypeBearer;Lcom/android/dx/rop/code/LocalItem;)Z @ 16

Internal exceptions (3 events):
Event: 0.937 Thread 0x0000000002a21000 Exception <a 'java/lang/NoSuchMethodError': Method sun.misc.Unsafe.defineClass(Ljava/lang/String;[BII)Ljava/lang/Class; name or signature does not match> (0x000000076ab07c78) thrown at [C:\src\android\AOSP-openjdk\external\jetbrains\jdk\hotspot\src\share\vóì‡ŸÍ˙Ì?
Event: 0.937 Thread 0x0000000002a21000 Exception <a 'java/lang/NoSuchMethodError': Method sun.misc.Unsafe.prefetchRead(Ljava/lang/Object;J)V name or signature does not match> (0x000000076ab07f60) thrown at [C:\src\android\AOSP-openjdk\external\jetbrains\jdk\hotspot\src\share\vm\prims\jni.cpp, lœtPcw@
Event: 2.636 Thread 0x000000001d795000 Implicit null exception at 0x0000000002dc77a2 to 0x0000000002dc78b1

Events (10 events):
Event: 2.611 loading class java/util/DualPivotQuicksort
Event: 2.611 loading class java/util/DualPivotQuicksort done
Event: 2.636 Thread 0x000000001d795000 Uncommon trap: trap_request=0xfffffff4 fr.pc=0x0000000002dc78c0
Event: 2.636 Thread 0x000000001d795000 DEOPT PACKING pc=0x0000000002dc78c0 sp=0x000000001e43e6c0
Event: 2.636 Thread 0x000000001d795000 DEOPT UNPACKING pc=0x0000000002b6556a sp=0x000000001e43e668 mode 2
Event: 2.636 Thread 0x000000001d795000 Uncommon trap: trap_request=0xffffff65 fr.pc=0x0000000002d738f4
Event: 2.636 Thread 0x000000001d795000 DEOPT PACKING pc=0x0000000002d738f4 sp=0x000000001e43e930
Event: 2.636 Thread 0x000000001d795000 DEOPT UNPACKING pc=0x0000000002b6556a sp=0x000000001e43e8c8 mode 2
Event: 2.728 Thread 0x0000000002a21000 Uncommon trap: trap_request=0xffffff65 fr.pc=0x0000000002e4524c
Event: 2.728 Thread 0x0000000002a21000 DEOPT PACKING pc=0x0000000002e4524c sp=0x000000000266d570


Dynamic libraries:
0x00007ff6a6680000 - 0x00007ff6a66b1000 	C:\Program Files\Android\Android Studio\jre\bin\java.exe
0x00007ffc119c0000 - 0x00007ffc11b92000 	C:\WINDOWS\SYSTEM32\ntdll.dll
0x00007ffc0f370000 - 0x00007ffc0f41c000 	C:\WINDOWS\System32\KERNEL32.DLL
0x00007ffc0e6b0000 - 0x00007ffc0e8cd000 	C:\WINDOWS\System32\KERNELBASE.dll
0x00007ffc0eff0000 - 0x00007ffc0f092000 	C:\WINDOWS\System32\ADVAPI32.dll
0x00007ffc0f7e0000 - 0x00007ffc0f87e000 	C:\WINDOWS\System32\msvcrt.dll
0x00007ffc0f250000 - 0x00007ffc0f2a9000 	C:\WINDOWS\System32\sechost.dll
0x00007ffc115c0000 - 0x00007ffc116e1000 	C:\WINDOWS\System32\RPCRT4.dll
0x00007ffc11450000 - 0x00007ffc115b5000 	C:\WINDOWS\System32\USER32.dll
0x00007ffc0de60000 - 0x00007ffc0de7e000 	C:\WINDOWS\System32\win32u.dll
0x00007ffc0edb0000 - 0x00007ffc0ede4000 	C:\WINDOWS\System32\GDI32.dll
0x00007ffc0eaf0000 - 0x00007ffc0ec70000 	C:\WINDOWS\System32\gdi32full.dll
0x00007ffbf6f00000 - 0x00007ffbf717a000 	C:\WINDOWS\WinSxS\amd64_microsoft.windows.common-controls_6595b64144ccf1df_6.0.14393.953_none_42151e83c686086b\COMCTL32.dll
0x00007ffc116f0000 - 0x00007ffc119b8000 	C:\WINDOWS\System32\combase.dll
0x00007ffc0e5b0000 - 0x00007ffc0e6a5000 	C:\WINDOWS\System32\ucrtbase.dll
0x00007ffc0ec70000 - 0x00007ffc0ecda000 	C:\WINDOWS\System32\bcryptPrimitives.dll
0x00007ffc0fcb0000 - 0x00007ffc0fcde000 	C:\WINDOWS\System32\IMM32.DLL
0x00000000526e0000 - 0x00000000527b2000 	C:\Program Files\Android\Android Studio\jre\jre\bin\msvcr100.dll
0x00000000527c0000 - 0x0000000052ffc000 	C:\Program Files\Android\Android Studio\jre\jre\bin\server\jvm.dll
0x00007ffc0dd80000 - 0x00007ffc0dda3000 	C:\WINDOWS\System32\WINMM.dll
0x00007ffc0dc00000 - 0x00007ffc0dc2b000 	C:\WINDOWS\System32\WINMMBASE.dll
0x00007ffc0de80000 - 0x00007ffc0dec2000 	C:\WINDOWS\System32\cfgmgr32.dll
0x00007ffc0ef00000 - 0x00007ffc0ef08000 	C:\WINDOWS\System32\PSAPI.DLL
0x00007ffbffda0000 - 0x00007ffbffda9000 	C:\WINDOWS\SYSTEM32\WSOCK32.dll
0x00007ffc0ef80000 - 0x00007ffc0efea000 	C:\WINDOWS\System32\WS2_32.dll
0x00007ffc00630000 - 0x00007ffc0063a000 	C:\WINDOWS\SYSTEM32\VERSION.dll
0x00007ffc0b770000 - 0x00007ffc0b77f000 	C:\Program Files\Android\Android Studio\jre\jre\bin\verify.dll
0x00007ffc05730000 - 0x00007ffc05759000 	C:\Program Files\Android\Android Studio\jre\jre\bin\java.dll
0x00007ffc05710000 - 0x00007ffc05726000 	C:\Program Files\Android\Android Studio\jre\jre\bin\zip.dll
0x00007ffc0ff20000 - 0x00007ffc11428000 	C:\WINDOWS\System32\SHELL32.dll
0x00007ffc0ded0000 - 0x00007ffc0e5aa000 	C:\WINDOWS\System32\windows.storage.dll
0x00007ffc0eaa0000 - 0x00007ffc0eaec000 	C:\WINDOWS\System32\powrprof.dll
0x00007ffc0f2b0000 - 0x00007ffc0f302000 	C:\WINDOWS\System32\shlwapi.dll
0x00007ffc0dc50000 - 0x00007ffc0dc5f000 	C:\WINDOWS\System32\kernel.appcore.dll
0x00007ffc0ddb0000 - 0x00007ffc0de59000 	C:\WINDOWS\System32\shcore.dll
0x00007ffc0dc30000 - 0x00007ffc0dc44000 	C:\WINDOWS\System32\profapi.dll

VM Arguments:
jvm_args: -Djava.awt.headless=true -Xmx4g -Dfile.encoding=GBK -Duser.country=CN -Duser.language=zh -Duser.variant 
java_command: com.android.dx.command.Main --dex --force-jumbo --num-threads=4 --multi-dex --output C:\Users\frankie\Desktop\research project\nirscannano_android-master\NIRScanNano_Android-master\app\build\intermediates\transforms\dex\debug\folders\1000\5\slice_6 C:\Users\frankie\Desktop\research project\nirscannano_android-master\NIRScanNano_Android-master\app\build\intermediates\transforms\instantRunSlicer\debug\folders\1\5\slice_6
java_class_path (initial): C:\Users\frankie\AppData\Local\Android\sdk\build-tools\26.0.1\lib\dx.jar
Launcher Type: SUN_STANDARD

Environment Variables:
JAVA_HOME=C:\Program Files\Java\jdk1.8.0_121
CLASSPATH=.;C:\Program Files\Java\jdk1.8.0_121\lib\dt.jar;C:\Program Files\Java\jdk1.8.0_121\lib\tools.jar;
PATH=C:\Program Files\Haskell\bin;C:\Program Files\Haskell Platform\8.0.2-a\lib\extralibs\bin;C:\Program Files\Haskell Platform\8.0.2-a\bin;C:\ProgramData\Oracle\Java\javapath;C:\WINDOWS\system32;C:\WINDOWS;C:\WINDOWS\System32\Wbem;C:\WINDOWS\System32\WindowsPowerShell\v1.0\;C:\Program Files\Java\jdk1.8.0_121\bin;C:\Program Files\Java\jdk1.8.0_121\jre\bin;C:\Program Files (x86)\Windows Kits\10\Windows Performance Toolkit\;U:\PuTTY\;C:\Program Files\Haskell Platform\8.0.2-a\mingw\bin;C:\Users\frankie\AppData\Roaming\cabal\bin;C:\Users\frankie\AppData\Roaming\local\bin;C:\Users\frankie\AppData\Local\Microsoft\WindowsApps
USERNAME=frankie
OS=Windows_NT
PROCESSOR_IDENTIFIER=Intel64 Family 6 Model 78 Stepping 3, GenuineIntel



---------------  S Y S T E M  ---------------

OS: Windows 10.0 , 64 bit Build 14393 (10.0.14393.1198)

CPU:total 4 (2 cores per cpu, 2 threads per core) family 6 model 78 stepping 3, cmov, cx8, fxsr, mmx, sse, sse2, sse3, ssse3, sse4.1, sse4.2, popcnt, avx, avx2, aes, clmul, erms, rtm, 3dnowpref, lzcnt, ht, tsc, tscinvbit, bmi1, bmi2, adx

Memory: 4k page, physical 8312972k(1239064k free), swap 10410124k(3092k free)

vm_info: OpenJDK 64-Bit Server VM (25.112-b06) for windows-amd64 JRE (1.8.0_112-release-b06), built on Dec  8 2016 00:54:26 by "builder" with MS VC++ 10.0 (VS2010)

time: Sun Sep 03 22:29:15 2017
elapsed time: 2 seconds (0d 0h 0m 2s)

