#
# There is insufficient memory for the Java Runtime Environment to continue.
# Native memory allocation (malloc) failed to allocate 1048576 bytes for AllocateHeap
# Possible reasons:
#   The system is out of physical RAM or swap space
#   In 32 bit mode, the process size limit was hit
# Possible solutions:
#   Reduce memory load on the system
#   Increase physical memory or swap space
#   Check if swap backing store is full
#   Use 64 bit Java on a 64 bit OS
#   Decrease Java heap size (-Xmx/-Xms)
#   Decrease number of Java threads
#   Decrease Java thread stack sizes (-Xss)
#   Set larger code cache with -XX:ReservedCodeCacheSize=
# This output file may be truncated or incomplete.
#
#  Out of Memory Error (memory/allocation.inline.hpp:61), pid=3536, tid=0x0000000000001db0
#
# JRE version:  (8.0_112-b06) (build )
# Java VM: OpenJDK 64-Bit Server VM (25.112-b06 mixed mode windows-amd64 compressed oops)
# Failed to write core dump. Minidumps are not enabled by default on client versions of Windows
#

---------------  T H R E A D  ---------------

Current thread (0x0000000002fd1000):  JavaThread "Unknown thread" [_thread_in_vm, id=7600, stack(0x0000000002dd0000,0x0000000002ed0000)]

Stack: [0x0000000002dd0000,0x0000000002ed0000]
[error occurred during error reporting (printing stack bounds), id 0xc0000005]

Native frames: (J=compiled Java code, j=interpreted, Vv=VM code, C=native code)


---------------  P R O C E S S  ---------------

Java Threads: ( => current thread )

Other Threads:

=>0x0000000002fd1000 (exited) JavaThread "Unknown thread" [_thread_in_vm, id=7600, stack(0x0000000002dd0000,0x0000000002ed0000)]

VM state:not at safepoint (normal execution)

VM Mutex/Monitor currently owned by a thread: None

Heap:
 PSYoungGen      total 38400K, used 665K [0x000000076ab00000, 0x000000076d580000, 0x00000007c0000000)
  eden space 33280K, 2% used [0x000000076ab00000,0x000000076aba6670,0x000000076cb80000)
  from space 5120K, 0% used [0x000000076d080000,0x000000076d080000,0x000000076d580000)
  to   space 5120K, 0% used [0x000000076cb80000,0x000000076cb80000,0x000000076d080000)
 ParOldGen       total 87552K, used 0K [0x00000006c0000000, 0x00000006c5580000, 0x000000076ab00000)
  object space 87552K, 0% used [0x00000006c0000000,0x00000006c0000000,0x00000006c5580000)
 Metaspace       used 772K, capacity 4480K, committed 4480K, reserved 1056768K
  class space    used 73K, capacity 384K, committed 384K, reserved 1048576K

Card table byte_map: [0x0000000012490000,0x0000000012ca0000] byte_map_base: 0x000000000ee90000

Marking Bits: (ParMarkBitMap*) 0x0000000052f818f0
 Begin Bits: [0x0000000013600000, 0x0000000017600000)
 End Bits:   [0x0000000017600000, 0x000000001b600000)

Polling page: 0x00000000012d0000

CodeCache: size=245760Kb used=328Kb max_used=328Kb free=245431Kb
 bounds [0x00000000030d0000, 0x0000000003340000, 0x00000000120d0000]
 total_blobs=57 nmethods=0 adapters=38
 compilation: enabled

Compilation events (0 events):
No events

GC Heap History (0 events):
No events

Deoptimization events (0 events):
No events

Internal exceptions (0 events):
No events

Events (10 events):
Event: 0.113 loading class java/lang/Short
Event: 0.114 loading class java/lang/Short done
Event: 0.114 loading class java/lang/Integer
Event: 0.114 loading class java/lang/Integer done
Event: 0.114 loading class java/lang/Long
Event: 0.114 loading class java/lang/Long done
Event: 0.115 loading class java/lang/NullPointerException
Event: 0.115 loading class java/lang/NullPointerException done
Event: 0.115 loading class java/lang/ArithmeticException
Event: 0.115 loading class java/lang/ArithmeticException done


Dynamic libraries:
0x00007ff6a6680000 - 0x00007ff6a66b1000 	C:\Program Files\Android\Android Studio\jre\bin\java.exe
0x00007ffc119c0000 - 0x00007ffc11b92000 	C:\WINDOWS\SYSTEM32\ntdll.dll
0x00007ffc0f370000 - 0x00007ffc0f41c000 	C:\WINDOWS\System32\KERNEL32.DLL
0x00007ffc0e6b0000 - 0x00007ffc0e8cd000 	C:\WINDOWS\System32\KERNELBASE.dll
0x00007ffc0eff0000 - 0x00007ffc0f092000 	C:\WINDOWS\System32\ADVAPI32.dll
0x00007ffc0f7e0000 - 0x00007ffc0f87e000 	C:\WINDOWS\System32\msvcrt.dll
0x00007ffc0f250000 - 0x00007ffc0f2a9000 	C:\WINDOWS\System32\sechost.dll
0x00007ffc115c0000 - 0x00007ffc116e1000 	C:\WINDOWS\System32\RPCRT4.dll
0x00007ffc11450000 - 0x00007ffc115b5000 	C:\WINDOWS\System32\USER32.dll
0x00007ffc0de60000 - 0x00007ffc0de7e000 	C:\WINDOWS\System32\win32u.dll
0x00007ffc0edb0000 - 0x00007ffc0ede4000 	C:\WINDOWS\System32\GDI32.dll
0x00007ffc0eaf0000 - 0x00007ffc0ec70000 	C:\WINDOWS\System32\gdi32full.dll
0x00007ffbf6f00000 - 0x00007ffbf717a000 	C:\WINDOWS\WinSxS\amd64_microsoft.windows.common-controls_6595b64144ccf1df_6.0.14393.953_none_42151e83c686086b\COMCTL32.dll
0x00007ffc116f0000 - 0x00007ffc119b8000 	C:\WINDOWS\System32\combase.dll
0x00007ffc0e5b0000 - 0x00007ffc0e6a5000 	C:\WINDOWS\System32\ucrtbase.dll
0x00007ffc0ec70000 - 0x00007ffc0ecda000 	C:\WINDOWS\System32\bcryptPrimitives.dll
0x00007ffc0fcb0000 - 0x00007ffc0fcde000 	C:\WINDOWS\System32\IMM32.DLL
0x00000000526e0000 - 0x00000000527b2000 	C:\Program Files\Android\Android Studio\jre\jre\bin\msvcr100.dll
0x00000000527c0000 - 0x0000000052ffc000 	C:\Program Files\Android\Android Studio\jre\jre\bin\server\jvm.dll
0x00007ffc0dd80000 - 0x00007ffc0dda3000 	C:\WINDOWS\System32\WINMM.dll
0x00007ffc0dc00000 - 0x00007ffc0dc2b000 	C:\WINDOWS\System32\WINMMBASE.dll
0x00007ffc0de80000 - 0x00007ffc0dec2000 	C:\WINDOWS\System32\cfgmgr32.dll
0x00007ffc0ef00000 - 0x00007ffc0ef08000 	C:\WINDOWS\System32\PSAPI.DLL
0x00007ffbffda0000 - 0x00007ffbffda9000 	C:\WINDOWS\SYSTEM32\WSOCK32.dll
0x00007ffc0ef80000 - 0x00007ffc0efea000 	C:\WINDOWS\System32\WS2_32.dll
0x00007ffc00630000 - 0x00007ffc0063a000 	C:\WINDOWS\SYSTEM32\VERSION.dll
0x00007ffc0b770000 - 0x00007ffc0b77f000 	C:\Program Files\Android\Android Studio\jre\jre\bin\verify.dll
0x00007ffc05730000 - 0x00007ffc05759000 	C:\Program Files\Android\Android Studio\jre\jre\bin\java.dll
0x00007ffc05710000 - 0x00007ffc05726000 	C:\Program Files\Android\Android Studio\jre\jre\bin\zip.dll

VM Arguments:
jvm_args: -Djava.awt.headless=true -Xmx4g -Dfile.encoding=GBK -Duser.country=CN -Duser.language=zh -Duser.variant 
java_command: com.android.dx.command.Main --dex --force-jumbo --num-threads=4 --multi-dex --output C:\Users\frankie\Desktop\research project\nirscannano_android-master\NIRScanNano_Android-master\app\build\intermediates\transforms\dex\debug\folders\1000\5\slice_7 C:\Users\frankie\Desktop\research project\nirscannano_android-master\NIRScanNano_Android-master\app\build\intermediates\transforms\instantRunSlicer\debug\folders\1\5\slice_7
java_class_path (initial): C:\Users\frankie\AppData\Local\Android\sdk\build-tools\26.0.1\lib\dx.jar
Launcher Type: SUN_STANDARD

Environment Variables:
JAVA_HOME=C:\Program Files\Java\jdk1.8.0_121
CLASSPATH=.;C:\Program Files\Java\jdk1.8.0_121\lib\dt.jar;C:\Program Files\Java\jdk1.8.0_121\lib\tools.jar;
PATH=C:\Program Files\Haskell\bin;C:\Program Files\Haskell Platform\8.0.2-a\lib\extralibs\bin;C:\Program Files\Haskell Platform\8.0.2-a\bin;C:\ProgramData\Oracle\Java\javapath;C:\WINDOWS\system32;C:\WINDOWS;C:\WINDOWS\System32\Wbem;C:\WINDOWS\System32\WindowsPowerShell\v1.0\;C:\Program Files\Java\jdk1.8.0_121\bin;C:\Program Files\Java\jdk1.8.0_121\jre\bin;C:\Program Files (x86)\Windows Kits\10\Windows Performance Toolkit\;U:\PuTTY\;C:\Program Files\Haskell Platform\8.0.2-a\mingw\bin;C:\Users\frankie\AppData\Roaming\cabal\bin;C:\Users\frankie\AppData\Roaming\local\bin;C:\Users\frankie\AppData\Local\Microsoft\WindowsApps
USERNAME=frankie
OS=Windows_NT
PROCESSOR_IDENTIFIER=Intel64 Family 6 Model 78 Stepping 3, GenuineIntel



---------------  S Y S T E M  ---------------

OS: Windows 10.0 , 64 bit Build 14393 (10.0.14393.1198)

CPU:total 4 (2 cores per cpu, 2 threads per core) family 6 model 78 stepping 3, cmov, cx8, fxsr, mmx, sse, sse2, sse3, ssse3, sse4.1, sse4.2, popcnt, avx, avx2, aes, clmul, erms, rtm, 3dnowpref, lzcnt, ht, tsc, tscinvbit, bmi1, bmi2, adx

Memory: 4k page, physical 8312972k(1358404k free), swap 10410124k(6028k free)

vm_info: OpenJDK 64-Bit Server VM (25.112-b06) for windows-amd64 JRE (1.8.0_112-release-b06), built on Dec  8 2016 00:54:26 by "builder" with MS VC++ 10.0 (VS2010)

time: Sun Sep 03 22:29:12 2017
elapsed time: 0 seconds (0d 0h 0m 0s)

