#
# There is insufficient memory for the Java Runtime Environment to continue.
# Native memory allocation (malloc) failed to allocate 891696 bytes for Chunk::new
# Possible reasons:
#   The system is out of physical RAM or swap space
#   In 32 bit mode, the process size limit was hit
# Possible solutions:
#   Reduce memory load on the system
#   Increase physical memory or swap space
#   Check if swap backing store is full
#   Use 64 bit Java on a 64 bit OS
#   Decrease Java heap size (-Xmx/-Xms)
#   Decrease number of Java threads
#   Decrease Java thread stack sizes (-Xss)
#   Set larger code cache with -XX:ReservedCodeCacheSize=
# This output file may be truncated or incomplete.
#
#  Out of Memory Error (allocation.cpp:390), pid=10400, tid=0x00000000000000e0
#
# JRE version: OpenJDK Runtime Environment (8.0_112-b06) (build 1.8.0_112-release-b06)
# Java VM: OpenJDK 64-Bit Server VM (25.112-b06 mixed mode windows-amd64 compressed oops)
# Failed to write core dump. Minidumps are not enabled by default on client versions of Windows
#

---------------  T H R E A D  ---------------

Current thread (0x000000001cab1800):  JavaThread "C2 CompilerThread0" daemon [_thread_in_native, id=224, stack(0x000000001e400000,0x000000001e500000)]

Stack: [0x000000001e400000,0x000000001e500000]
[error occurred during error reporting (printing stack bounds), id 0xc0000005]

Native frames: (J=compiled Java code, j=interpreted, Vv=VM code, C=native code)


Current CompileTask:
C2:   2303 1559   !   4       com.android.dx.cf.code.BytecodeArray::parseInstruction (2764 bytes)


---------------  P R O C E S S  ---------------

Java Threads: ( => current thread )
  0x000000001e0c0000 JavaThread "pool-1-thread-4" [_thread_blocked, id=5752, stack(0x000000001ed00000,0x000000001ee00000)]
  0x000000001df96800 JavaThread "pool-1-thread-3" [_thread_blocked, id=17552, stack(0x000000001ec00000,0x000000001ed00000)]
  0x000000001df87000 JavaThread "pool-1-thread-2" [_thread_blocked, id=1968, stack(0x000000001eb00000,0x000000001ec00000)]
  0x000000001df75000 JavaThread "pool-2-thread-1" [_thread_blocked, id=15116, stack(0x000000001ea00000,0x000000001eb00000)]
  0x000000001df6b000 JavaThread "pool-1-thread-1" [_thread_blocked, id=4476, stack(0x000000001e900000,0x000000001ea00000)]
  0x000000001de89000 JavaThread "Service Thread" daemon [_thread_blocked, id=14900, stack(0x000000001e700000,0x000000001e800000)]
  0x000000001de15000 JavaThread "C1 CompilerThread2" daemon [_thread_blocked, id=10076, stack(0x000000001e600000,0x000000001e700000)]
  0x000000001cafb800 JavaThread "C2 CompilerThread1" daemon [_thread_in_native, id=8856, stack(0x000000001e500000,0x000000001e600000)]
=>0x000000001cab1800 JavaThread "C2 CompilerThread0" daemon [_thread_in_native, id=224, stack(0x000000001e400000,0x000000001e500000)]
  0x000000001cab0800 JavaThread "Attach Listener" daemon [_thread_blocked, id=4916, stack(0x000000001e300000,0x000000001e400000)]
  0x000000001de08800 JavaThread "Signal Dispatcher" daemon [_thread_blocked, id=15088, stack(0x000000001e200000,0x000000001e300000)]
  0x00000000033cb800 JavaThread "Finalizer" daemon [_thread_blocked, id=5924, stack(0x000000001dd00000,0x000000001de00000)]
  0x00000000033c0800 JavaThread "Reference Handler" daemon [_thread_blocked, id=3256, stack(0x000000001dc00000,0x000000001dd00000)]
  0x00000000032d1000 JavaThread "main" [_thread_in_vm, id=1300, stack(0x0000000002dc0000,0x0000000002ec0000)]

Other Threads:
  0x000000001ca65000 VMThread [stack: 0x000000001db00000,0x000000001dc00000] [id=10304]
  0x000000001de94000 WatcherThread [stack: 0x000000001e800000,0x000000001e900000] [id=3640]

VM state:not at safepoint (normal execution)

VM Mutex/Monitor currently owned by a thread: None

Heap:
 PSYoungGen      total 71680K, used 38272K [0x000000076ab00000, 0x000000076f600000, 0x00000007c0000000)
  eden space 66560K, 49% used [0x000000076ab00000,0x000000076cb60c58,0x000000076ec00000)
  from space 5120K, 99% used [0x000000076f100000,0x000000076f5ff558,0x000000076f600000)
  to   space 5120K, 0% used [0x000000076ec00000,0x000000076ec00000,0x000000076f100000)
 ParOldGen       total 87552K, used 6486K [0x00000006c0000000, 0x00000006c5580000, 0x000000076ab00000)
  object space 87552K, 7% used [0x00000006c0000000,0x00000006c0655ac0,0x00000006c5580000)
 Metaspace       used 6071K, capacity 7152K, committed 7296K, reserved 1056768K
  class space    used 565K, capacity 616K, committed 640K, reserved 1048576K

Card table byte_map: [0x0000000012790000,0x0000000012fa0000] byte_map_base: 0x000000000f190000

Marking Bits: (ParMarkBitMap*) 0x00000000628218f0
 Begin Bits: [0x0000000013900000, 0x0000000017900000)
 End Bits:   [0x0000000017900000, 0x000000001b900000)

Polling page: 0x00000000010a0000

CodeCache: size=245760Kb used=7062Kb max_used=7062Kb free=238697Kb
 bounds [0x00000000033d0000, 0x0000000003ac0000, 0x00000000123d0000]
 total_blobs=1882 nmethods=1618 adapters=178
 compilation: enabled

Compilation events (10 events):
Event: 2.264 Thread 0x000000001de15000 1635       2       java.util.concurrent.ThreadPoolExecutor::beforeExecute (1 bytes)
Event: 2.265 Thread 0x000000001de15000 nmethod 1635 0x0000000003ab9150 code [0x0000000003ab92a0, 0x0000000003ab93f0]
Event: 2.265 Thread 0x000000001de15000 1636       2       java.util.concurrent.ThreadPoolExecutor::afterExecute (1 bytes)
Event: 2.265 Thread 0x000000001de15000 nmethod 1636 0x0000000003ab9450 code [0x0000000003ab95a0, 0x0000000003ab96f0]
Event: 2.265 Thread 0x000000001de15000 1637   !   2       java.util.concurrent.ThreadPoolExecutor::getTask (179 bytes)
Event: 2.266 Thread 0x000000001de15000 nmethod 1637 0x0000000003ab9750 code [0x0000000003ab9920, 0x0000000003ab9ef8]
Event: 2.266 Thread 0x000000001de15000 1638       2       java.util.concurrent.locks.ReentrantLock::lockInterruptibly (9 bytes)
Event: 2.266 Thread 0x000000001de15000 nmethod 1638 0x0000000003aba2d0 code [0x0000000003aba460, 0x0000000003aba6f8]
Event: 2.287 Thread 0x000000001de15000 1639   !   2       com.android.dx.dex.cf.CfTranslator::processFields (251 bytes)
Event: 2.289 Thread 0x000000001de15000 nmethod 1639 0x0000000003aba8d0 code [0x0000000003ababc0, 0x0000000003abb6e8]

GC Heap History (4 events):
Event: 0.969 GC heap before
{Heap before GC invocations=1 (full 0):
 PSYoungGen      total 38400K, used 33280K [0x000000076ab00000, 0x000000076d580000, 0x00000007c0000000)
  eden space 33280K, 100% used [0x000000076ab00000,0x000000076cb80000,0x000000076cb80000)
  from space 5120K, 0% used [0x000000076d080000,0x000000076d080000,0x000000076d580000)
  to   space 5120K, 0% used [0x000000076cb80000,0x000000076cb80000,0x000000076d080000)
 ParOldGen       total 87552K, used 0K [0x00000006c0000000, 0x00000006c5580000, 0x000000076ab00000)
  object space 87552K, 0% used [0x00000006c0000000,0x00000006c0000000,0x00000006c5580000)
 Metaspace       used 5864K, capacity 6960K, committed 7040K, reserved 1056768K
  class space    used 565K, capacity 616K, committed 640K, reserved 1048576K
Event: 0.995 GC heap after
Heap after GC invocations=1 (full 0):
 PSYoungGen      total 38400K, used 5114K [0x000000076ab00000, 0x000000076f600000, 0x00000007c0000000)
  eden space 33280K, 0% used [0x000000076ab00000,0x000000076ab00000,0x000000076cb80000)
  from space 5120K, 99% used [0x000000076cb80000,0x000000076d07e9b8,0x000000076d080000)
  to   space 5120K, 0% used [0x000000076f100000,0x000000076f100000,0x000000076f600000)
 ParOldGen       total 87552K, used 1814K [0x00000006c0000000, 0x00000006c5580000, 0x000000076ab00000)
  object space 87552K, 2% used [0x00000006c0000000,0x00000006c01c5818,0x00000006c5580000)
 Metaspace       used 5864K, capacity 6960K, committed 7040K, reserved 1056768K
  class space    used 565K, capacity 616K, committed 640K, reserved 1048576K
}
Event: 1.708 GC heap before
{Heap before GC invocations=2 (full 0):
 PSYoungGen      total 38400K, used 38394K [0x000000076ab00000, 0x000000076f600000, 0x00000007c0000000)
  eden space 33280K, 100% used [0x000000076ab00000,0x000000076cb80000,0x000000076cb80000)
  from space 5120K, 99% used [0x000000076cb80000,0x000000076d07e9b8,0x000000076d080000)
  to   space 5120K, 0% used [0x000000076f100000,0x000000076f100000,0x000000076f600000)
 ParOldGen       total 87552K, used 1814K [0x00000006c0000000, 0x00000006c5580000, 0x000000076ab00000)
  object space 87552K, 2% used [0x00000006c0000000,0x00000006c01c5818,0x00000006c5580000)
 Metaspace       used 5974K, capacity 7088K, committed 7296K, reserved 1056768K
  class space    used 565K, capacity 616K, committed 640K, reserved 1048576K
Event: 1.750 GC heap after
Heap after GC invocations=2 (full 0):
 PSYoungGen      total 71680K, used 5117K [0x000000076ab00000, 0x000000076f600000, 0x00000007c0000000)
  eden space 66560K, 0% used [0x000000076ab00000,0x000000076ab00000,0x000000076ec00000)
  from space 5120K, 99% used [0x000000076f100000,0x000000076f5ff558,0x000000076f600000)
  to   space 5120K, 0% used [0x000000076ec00000,0x000000076ec00000,0x000000076f100000)
 ParOldGen       total 87552K, used 6486K [0x00000006c0000000, 0x00000006c5580000, 0x000000076ab00000)
  object space 87552K, 7% used [0x00000006c0000000,0x00000006c0655ac0,0x00000006c5580000)
 Metaspace       used 5974K, capacity 7088K, committed 7296K, reserved 1056768K
  class space    used 565K, capacity 616K, committed 640K, reserved 1048576K
}

Deoptimization events (10 events):
Event: 1.039 Thread 0x000000001df6b000 Uncommon trap: reason=bimorphic action=maybe_recompile pc=0x00000000038a7c6c method=java.util.HashMap.getNode(ILjava/lang/Object;)Ljava/util/HashMap$Node; @ 126
Event: 1.039 Thread 0x000000001df6b000 Uncommon trap: reason=bimorphic action=maybe_recompile pc=0x00000000038a7c6c method=java.util.HashMap.getNode(ILjava/lang/Object;)Ljava/util/HashMap$Node; @ 126
Event: 1.311 Thread 0x00000000032d1000 Uncommon trap: reason=unstable_if action=reinterpret pc=0x0000000003792448 method=com.android.dx.rop.cst.StdConstantPool.set(ILcom/android/dx/rop/cst/Constant;)V @ 12
Event: 1.631 Thread 0x000000001e0c0000 Uncommon trap: reason=unstable_if action=reinterpret pc=0x00000000039ca1c4 method=com.android.dx.rop.code.RegisterSpecSet.localItemToSpec(Lcom/android/dx/rop/code/LocalItem;)Lcom/android/dx/rop/code/RegisterSpec; @ 35
Event: 1.922 Thread 0x000000001df6b000 Uncommon trap: reason=unstable_if action=reinterpret pc=0x00000000039646e4 method=com.android.dx.rop.code.RegisterSpec.equals(ILcom/android/dx/rop/type/TypeBearer;Lcom/android/dx/rop/code/LocalItem;)Z @ 42
Event: 2.064 Thread 0x000000001df6b000 Uncommon trap: reason=unstable_if action=reinterpret pc=0x00000000039e4598 method=com.android.dx.util.BitIntSet.has(I)Z @ 8
Event: 2.111 Thread 0x000000001df87000 Uncommon trap: reason=class_check action=maybe_recompile pc=0x0000000003a6c780 method=com.android.dx.ssa.SCCP.simulatePhi(Lcom/android/dx/ssa/PhiInsn;)V @ 124
Event: 2.111 Thread 0x000000001df87000 Uncommon trap: reason=class_check action=maybe_recompile pc=0x0000000003a6c780 method=com.android.dx.ssa.SCCP.simulatePhi(Lcom/android/dx/ssa/PhiInsn;)V @ 124
Event: 2.111 Thread 0x000000001df87000 Uncommon trap: reason=class_check action=maybe_recompile pc=0x0000000003a6c780 method=com.android.dx.ssa.SCCP.simulatePhi(Lcom/android/dx/ssa/PhiInsn;)V @ 124
Event: 2.111 Thread 0x000000001df87000 Uncommon trap: reason=class_check action=maybe_recompile pc=0x0000000003a6c780 method=com.android.dx.ssa.SCCP.simulatePhi(Lcom/android/dx/ssa/PhiInsn;)V @ 124

Internal exceptions (2 events):
Event: 0.036 Thread 0x00000000032d1000 Exception <a 'java/lang/NoSuchMethodError': Method sun.misc.Unsafe.defineClass(Ljava/lang/String;[BII)Ljava/lang/Class; name or signature does not match> (0x000000076ab07c78) thrown at [C:\src\android\AOSP-openjdk\external\jetbrains\jdk\hotspot\src\share\v)õ0³\©¢?
Event: 0.036 Thread 0x00000000032d1000 Exception <a 'java/lang/NoSuchMethodError': Method sun.misc.Unsafe.prefetchRead(Ljava/lang/Object;J)V name or signature does not match> (0x000000076ab07f60) thrown at [C:\src\android\AOSP-openjdk\external\jetbrains\jdk\hotspot\src\share\vm\prims\jni.cpp, l

Events (10 events):
Event: 2.111 Thread 0x000000001df87000 DEOPT UNPACKING pc=0x000000000341556a sp=0x000000001ebfe9a8 mode 2
Event: 2.111 Thread 0x000000001df87000 Uncommon trap: trap_request=0xffffffde fr.pc=0x0000000003a6c780
Event: 2.111 Thread 0x000000001df87000 DEOPT PACKING pc=0x0000000003a6c780 sp=0x000000001ebfe9e0
Event: 2.111 Thread 0x000000001df87000 DEOPT UNPACKING pc=0x000000000341556a sp=0x000000001ebfe9a8 mode 2
Event: 2.229 Thread 0x000000001e0c0000 DEOPT PACKING pc=0x0000000003a51831 sp=0x000000001edff060
Event: 2.229 Thread 0x000000001e0c0000 DEOPT UNPACKING pc=0x00000000034175bf sp=0x000000001edfee68 mode 0
Event: 2.235 Thread 0x00000000032d1000 DEOPT PACKING pc=0x0000000003a4f8b1 sp=0x0000000002ebe6e0
Event: 2.235 Thread 0x00000000032d1000 DEOPT UNPACKING pc=0x00000000034175bf sp=0x0000000002ebe4a0 mode 0
Event: 2.241 Thread 0x00000000032d1000 DEOPT PACKING pc=0x0000000003a616f2 sp=0x0000000002ebe7e0
Event: 2.241 Thread 0x00000000032d1000 DEOPT UNPACKING pc=0x00000000034175bf sp=0x0000000002ebe5f8 mode 0


Dynamic libraries:
0x00007ff786400000 - 0x00007ff786431000 	C:\Program Files\Android\Android Studio\jre\bin\java.exe
0x00007fff378f0000 - 0x00007fff37ad1000 	C:\WINDOWS\SYSTEM32\ntdll.dll
0x00007fff369c0000 - 0x00007fff36a72000 	C:\WINDOWS\System32\KERNEL32.DLL
0x00007fff34980000 - 0x00007fff34bf3000 	C:\WINDOWS\System32\KERNELBASE.dll
0x00007fff37240000 - 0x00007fff372e1000 	C:\WINDOWS\System32\ADVAPI32.dll
0x00007fff37140000 - 0x00007fff371de000 	C:\WINDOWS\System32\msvcrt.dll
0x00007fff371e0000 - 0x00007fff3723b000 	C:\WINDOWS\System32\sechost.dll
0x00007fff37540000 - 0x00007fff37664000 	C:\WINDOWS\System32\RPCRT4.dll
0x00007fff37720000 - 0x00007fff378b0000 	C:\WINDOWS\System32\USER32.dll
0x00007fff33cc0000 - 0x00007fff33ce0000 	C:\WINDOWS\System32\win32u.dll
0x00007fff362b0000 - 0x00007fff362d8000 	C:\WINDOWS\System32\GDI32.dll
0x00007fff346e0000 - 0x00007fff34872000 	C:\WINDOWS\System32\gdi32full.dll
0x00007fff34ce0000 - 0x00007fff34d7f000 	C:\WINDOWS\System32\msvcp_win.dll
0x00007fff34880000 - 0x00007fff3497a000 	C:\WINDOWS\System32\ucrtbase.dll
0x00007fff1ec80000 - 0x00007fff1eee9000 	C:\WINDOWS\WinSxS\amd64_microsoft.windows.common-controls_6595b64144ccf1df_6.0.17134.228_none_fb4599993062b194\COMCTL32.dll
0x00007fff36ce0000 - 0x00007fff37003000 	C:\WINDOWS\System32\combase.dll
0x00007fff34c60000 - 0x00007fff34cda000 	C:\WINDOWS\System32\bcryptPrimitives.dll
0x00007fff376f0000 - 0x00007fff3771d000 	C:\WINDOWS\System32\IMM32.DLL
0x0000000062ad0000 - 0x0000000062ba2000 	C:\Program Files\Android\Android Studio\jre\jre\bin\msvcr100.dll
0x0000000062060000 - 0x000000006289c000 	C:\Program Files\Android\Android Studio\jre\jre\bin\server\jvm.dll
0x00007fff36340000 - 0x00007fff36348000 	C:\WINDOWS\System32\PSAPI.DLL
0x00007fff27390000 - 0x00007fff2739a000 	C:\WINDOWS\SYSTEM32\VERSION.dll
0x00007fff30340000 - 0x00007fff30363000 	C:\WINDOWS\SYSTEM32\WINMM.dll
0x00007fff30370000 - 0x00007fff30379000 	C:\WINDOWS\SYSTEM32\WSOCK32.dll
0x00007fff36b10000 - 0x00007fff36b7c000 	C:\WINDOWS\System32\WS2_32.dll
0x00007fff30310000 - 0x00007fff3033a000 	C:\WINDOWS\SYSTEM32\winmmbase.dll
0x00007fff34690000 - 0x00007fff346d9000 	C:\WINDOWS\System32\cfgmgr32.dll
0x00007fff2d930000 - 0x00007fff2d93f000 	C:\Program Files\Android\Android Studio\jre\jre\bin\verify.dll
0x00007fff2a380000 - 0x00007fff2a3a9000 	C:\Program Files\Android\Android Studio\jre\jre\bin\java.dll
0x00007fff2a3e0000 - 0x00007fff2a3f6000 	C:\Program Files\Android\Android Studio\jre\jre\bin\zip.dll
0x00007fff34e70000 - 0x00007fff362b0000 	C:\WINDOWS\System32\SHELL32.dll
0x00007fff372f0000 - 0x00007fff37399000 	C:\WINDOWS\System32\shcore.dll
0x00007fff33f80000 - 0x00007fff3468d000 	C:\WINDOWS\System32\windows.storage.dll
0x00007fff362e0000 - 0x00007fff36331000 	C:\WINDOWS\System32\shlwapi.dll
0x00007fff33c80000 - 0x00007fff33c91000 	C:\WINDOWS\System32\kernel.appcore.dll
0x00007fff33ca0000 - 0x00007fff33cbf000 	C:\WINDOWS\System32\profapi.dll
0x00007fff33c00000 - 0x00007fff33c4c000 	C:\WINDOWS\System32\powrprof.dll
0x00007fff33c70000 - 0x00007fff33c7a000 	C:\WINDOWS\System32\FLTLIB.DLL

VM Arguments:
jvm_args: -Djava.awt.headless=true -Xmx4g -Dfile.encoding=GBK -Duser.country=CN -Duser.language=zh -Duser.variant 
java_command: com.android.dx.command.Main --dex --num-threads=4 --output C:\Users\frankie\Desktop\Research Project\Android_part\Autotrain version\nirscannano_android-master\NIRScanNano_Android-master\app\build\intermediates\pre-dexed\debug\debug_dcd9314ae11c5113dc5eeb17ab64d6f6133dea02.jar C:\Users\frankie\Desktop\Research Project\Android_part\Autotrain version\nirscannano_android-master\NIRScanNano_Android-master\app\build\intermediates\classes\debug
java_class_path (initial): C:\Users\frankie\AppData\Local\Android\sdk\build-tools\26.0.1\lib\dx.jar
Launcher Type: SUN_STANDARD

Environment Variables:
JAVA_HOME=C:\Program Files\Java\jdk1.8.0_121
CLASSPATH=.;C:\Program Files\Java\jdk1.8.0_121\lib\dt.jar;C:\Program Files\Java\jdk1.8.0_121\lib\tools.jar;
PATH=C:\ProgramData\Oracle\Java\javapath;C:\WINDOWS\system32;C:\WINDOWS;C:\WINDOWS\System32\Wbem;C:\WINDOWS\System32\WindowsPowerShell\v1.0\;C:\Program Files\Java\jdk1.8.0_121\bin;C:\Program Files\Java\jdk1.8.0_121\jre\bin;C:\Program Files (x86)\Windows Kits\10\Windows Performance Toolkit\;U:\PuTTY\;C:\Program Files\MATLAB\R2018a\bin;C:\WINDOWS\System32\OpenSSH\;C:\Users\frankie\git;C:\Users\frankie\AppData\Local\Microsoft\WindowsApps;C:\Users\frankie\AppData\Local\GitHubDesktop\bin;%USERPROFILE%\AppData\Local\Microsoft\WindowsApps;
USERNAME=frankie
OS=Windows_NT
PROCESSOR_IDENTIFIER=Intel64 Family 6 Model 78 Stepping 3, GenuineIntel



---------------  S Y S T E M  ---------------

OS: Windows 10.0 , 64 bit Build 17134 (10.0.17134.1)

CPU:total 4 (2 cores per cpu, 2 threads per core) family 6 model 78 stepping 3, cmov, cx8, fxsr, mmx, sse, sse2, sse3, ssse3, sse4.1, sse4.2, popcnt, avx, avx2, aes, clmul, erms, rtm, 3dnowpref, lzcnt, ht, tsc, tscinvbit, bmi1, bmi2, adx

Memory: 4k page, physical 8311916k(1592488k free), swap 10409068k(4244k free)

vm_info: OpenJDK 64-Bit Server VM (25.112-b06) for windows-amd64 JRE (1.8.0_112-release-b06), built on Dec  8 2016 00:54:26 by "builder" with MS VC++ 10.0 (VS2010)

time: Wed Sep 19 21:47:07 2018
elapsed time: 2 seconds (0d 0h 0m 2s)

