#
# There is insufficient memory for the Java Runtime Environment to continue.
# Native memory allocation (malloc) failed to allocate 278656 bytes for Chunk::new
# Possible reasons:
#   The system is out of physical RAM or swap space
#   In 32 bit mode, the process size limit was hit
# Possible solutions:
#   Reduce memory load on the system
#   Increase physical memory or swap space
#   Check if swap backing store is full
#   Use 64 bit Java on a 64 bit OS
#   Decrease Java heap size (-Xmx/-Xms)
#   Decrease number of Java threads
#   Decrease Java thread stack sizes (-Xss)
#   Set larger code cache with -XX:ReservedCodeCacheSize=
# This output file may be truncated or incomplete.
#
#  Out of Memory Error (allocation.cpp:390), pid=9324, tid=0x0000000000000bb8
#
# JRE version: OpenJDK Runtime Environment (8.0_112-b06) (build 1.8.0_112-release-b06)
# Java VM: OpenJDK 64-Bit Server VM (25.112-b06 mixed mode windows-amd64 compressed oops)
# Failed to write core dump. Minidumps are not enabled by default on client versions of Windows
#

---------------  T H R E A D  ---------------

Current thread (0x0000000014f0a000):  JavaThread "C2 CompilerThread0" daemon [_thread_in_native, id=3000, stack(0x00000000168b0000,0x00000000169b0000)]

Stack: [0x00000000168b0000,0x00000000169b0000]
[error occurred during error reporting (printing stack bounds), id 0xc0000005]

Native frames: (J=compiled Java code, j=interpreted, Vv=VM code, C=native code)


Current CompileTask:
C2:   6757 1803       4       com.android.dx.ssa.LocalVariableInfo::mergeStarts (59 bytes)


---------------  P R O C E S S  ---------------

Java Threads: ( => current thread )
  0x0000000016310800 JavaThread "Service Thread" daemon [_thread_blocked, id=5552, stack(0x0000000016bb0000,0x0000000016cb0000)]
  0x000000001630a800 JavaThread "C1 CompilerThread2" daemon [_thread_blocked, id=12004, stack(0x0000000016ab0000,0x0000000016bb0000)]
  0x0000000014f0c000 JavaThread "C2 CompilerThread1" daemon [_thread_in_native, id=12844, stack(0x00000000169b0000,0x0000000016ab0000)]
=>0x0000000014f0a000 JavaThread "C2 CompilerThread0" daemon [_thread_in_native, id=3000, stack(0x00000000168b0000,0x00000000169b0000)]
  0x0000000014f09800 JavaThread "Attach Listener" daemon [_thread_blocked, id=6796, stack(0x00000000167b0000,0x00000000168b0000)]
  0x00000000162b8800 JavaThread "Signal Dispatcher" daemon [_thread_blocked, id=10068, stack(0x00000000166b0000,0x00000000167b0000)]
  0x00000000027b5800 JavaThread "Finalizer" daemon [_thread_blocked, id=11140, stack(0x0000000016120000,0x0000000016220000)]
  0x00000000027b0800 JavaThread "Reference Handler" daemon [_thread_blocked, id=5152, stack(0x0000000016020000,0x0000000016120000)]
  0x00000000026c1000 JavaThread "main" [_thread_in_Java, id=3656, stack(0x00000000024c0000,0x00000000025c0000)]

Other Threads:
  0x0000000014e75000 VMThread [stack: 0x0000000015f20000,0x0000000016020000] [id=8996]
  0x0000000016313800 WatcherThread [stack: 0x0000000016cb0000,0x0000000016db0000] [id=8136]

VM state:not at safepoint (normal execution)

VM Mutex/Monitor currently owned by a thread: None

Heap:
 PSYoungGen      total 144896K, used 72616K [0x00000000eab00000, 0x00000000f5200000, 0x0000000100000000)
  eden space 129536K, 44% used [0x00000000eab00000,0x00000000ee2f1758,0x00000000f2980000)
  from space 15360K, 99% used [0x00000000f3c00000,0x00000000f4af8b10,0x00000000f4b00000)
  to   space 18944K, 0% used [0x00000000f2980000,0x00000000f2980000,0x00000000f3c00000)
 ParOldGen       total 87552K, used 27883K [0x00000000c0000000, 0x00000000c5580000, 0x00000000eab00000)
  object space 87552K, 31% used [0x00000000c0000000,0x00000000c1b3af78,0x00000000c5580000)
 Metaspace       used 7077K, capacity 7576K, committed 7936K, reserved 1056768K
  class space    used 645K, capacity 656K, committed 768K, reserved 1048576K

Card table byte_map: [0x0000000011b80000,0x0000000011d90000] byte_map_base: 0x0000000011580000

Marking Bits: (ParMarkBitMap*) 0x0000000051cc18f0
 Begin Bits: [0x00000000122f0000, 0x00000000132f0000)
 End Bits:   [0x00000000132f0000, 0x00000000142f0000)

Polling page: 0x00000000003f0000

CodeCache: size=245760Kb used=9688Kb max_used=9700Kb free=236071Kb
 bounds [0x00000000027c0000, 0x0000000003150000, 0x00000000117c0000]
 total_blobs=2650 nmethods=2372 adapters=191
 compilation: enabled

Compilation events (10 events):
Event: 6.716 Thread 0x0000000014f0a000 nmethod 2407 0x000000000313d3d0 code [0x000000000313d5a0, 0x000000000313e290]
Event: 6.716 Thread 0x0000000014f0a000 2385 %     4       com.android.dx.dex.code.DalvInsnList::getOutsSize @ 9 (105 bytes)
Event: 6.722 Thread 0x0000000014f0a000 nmethod 2385% 0x0000000003134750 code [0x00000000031348c0, 0x0000000003134c88]
Event: 6.722 Thread 0x0000000014f0a000 2386 % !   4       com.android.dx.dex.code.DalvInsnList::writeTo @ 132 (254 bytes)
Event: 6.727 Thread 0x0000000014f0a000 nmethod 2386% 0x0000000003136110 code [0x0000000003136280, 0x0000000003136698]
Event: 6.727 Thread 0x0000000014f0a000 2047       4       java.util.TreeMap::get (19 bytes)
Event: 6.738 Thread 0x0000000014f0a000 nmethod 2047 0x0000000003135390 code [0x0000000003135500, 0x0000000003135b98]
Event: 6.738 Thread 0x0000000014f0a000 1841       4       com.android.dx.ssa.SsaConverter::needsNewSuccessor (53 bytes)
Event: 6.742 Thread 0x0000000014f0a000 nmethod 1841 0x0000000003140750 code [0x00000000031408a0, 0x0000000003140ad8]
Event: 6.742 Thread 0x0000000014f0a000 1803       4       com.android.dx.ssa.LocalVariableInfo::mergeStarts (59 bytes)

GC Heap History (10 events):
Event: 3.552 GC heap before
{Heap before GC invocations=2 (full 0):
 PSYoungGen      total 38400K, used 38394K [0x00000000eab00000, 0x00000000ed580000, 0x0000000100000000)
  eden space 33280K, 100% used [0x00000000eab00000,0x00000000ecb80000,0x00000000ecb80000)
  from space 5120K, 99% used [0x00000000ecb80000,0x00000000ed07eab8,0x00000000ed080000)
  to   space 5120K, 0% used [0x00000000ed080000,0x00000000ed080000,0x00000000ed580000)
 ParOldGen       total 87552K, used 1651K [0x00000000c0000000, 0x00000000c5580000, 0x00000000eab00000)
  object space 87552K, 1% used [0x00000000c0000000,0x00000000c019cc20,0x00000000c5580000)
 Metaspace       used 6169K, capacity 7088K, committed 7296K, reserved 1056768K
  class space    used 579K, capacity 616K, committed 640K, reserved 1048576K
Event: 3.566 GC heap after
Heap after GC invocations=2 (full 0):
 PSYoungGen      total 38400K, used 5116K [0x00000000eab00000, 0x00000000ef600000, 0x0000000100000000)
  eden space 33280K, 0% used [0x00000000eab00000,0x00000000eab00000,0x00000000ecb80000)
  from space 5120K, 99% used [0x00000000ed080000,0x00000000ed57f038,0x00000000ed580000)
  to   space 5120K, 0% used [0x00000000ecb80000,0x00000000ecb80000,0x00000000ed080000)
 ParOldGen       total 87552K, used 5880K [0x00000000c0000000, 0x00000000c5580000, 0x00000000eab00000)
  object space 87552K, 6% used [0x00000000c0000000,0x00000000c05be120,0x00000000c5580000)
 Metaspace       used 6169K, capacity 7088K, committed 7296K, reserved 1056768K
  class space    used 579K, capacity 616K, committed 640K, reserved 1048576K
}
Event: 3.791 GC heap before
{Heap before GC invocations=3 (full 0):
 PSYoungGen      total 38400K, used 38396K [0x00000000eab00000, 0x00000000ef600000, 0x0000000100000000)
  eden space 33280K, 100% used [0x00000000eab00000,0x00000000ecb80000,0x00000000ecb80000)
  from space 5120K, 99% used [0x00000000ed080000,0x00000000ed57f038,0x00000000ed580000)
  to   space 5120K, 0% used [0x00000000ecb80000,0x00000000ecb80000,0x00000000ed080000)
 ParOldGen       total 87552K, used 5880K [0x00000000c0000000, 0x00000000c5580000, 0x00000000eab00000)
  object space 87552K, 6% used [0x00000000c0000000,0x00000000c05be120,0x00000000c5580000)
 Metaspace       used 6207K, capacity 7088K, committed 7296K, reserved 1056768K
  class space    used 579K, capacity 616K, committed 640K, reserved 1048576K
Event: 3.832 GC heap after
Heap after GC invocations=3 (full 0):
 PSYoungGen      total 38400K, used 5098K [0x00000000eab00000, 0x00000000ef600000, 0x0000000100000000)
  eden space 33280K, 0% used [0x00000000eab00000,0x00000000eab00000,0x00000000ecb80000)
  from space 5120K, 99% used [0x00000000ecb80000,0x00000000ed07a998,0x00000000ed080000)
  to   space 5120K, 0% used [0x00000000ef100000,0x00000000ef100000,0x00000000ef600000)
 ParOldGen       total 87552K, used 11135K [0x00000000c0000000, 0x00000000c5580000, 0x00000000eab00000)
  object space 87552K, 12% used [0x00000000c0000000,0x00000000c0adfd60,0x00000000c5580000)
 Metaspace       used 6207K, capacity 7088K, committed 7296K, reserved 1056768K
  class space    used 579K, capacity 616K, committed 640K, reserved 1048576K
}
Event: 4.066 GC heap before
{Heap before GC invocations=4 (full 0):
 PSYoungGen      total 38400K, used 38378K [0x00000000eab00000, 0x00000000ef600000, 0x0000000100000000)
  eden space 33280K, 100% used [0x00000000eab00000,0x00000000ecb80000,0x00000000ecb80000)
  from space 5120K, 99% used [0x00000000ecb80000,0x00000000ed07a998,0x00000000ed080000)
  to   space 5120K, 0% used [0x00000000ef100000,0x00000000ef100000,0x00000000ef600000)
 ParOldGen       total 87552K, used 11135K [0x00000000c0000000, 0x00000000c5580000, 0x00000000eab00000)
  object space 87552K, 12% used [0x00000000c0000000,0x00000000c0adfd60,0x00000000c5580000)
 Metaspace       used 6313K, capacity 7092K, committed 7296K, reserved 1056768K
  class space    used 597K, capacity 620K, committed 640K, reserved 1048576K
Event: 4.090 GC heap after
Heap after GC invocations=4 (full 0):
 PSYoungGen      total 71680K, used 5095K [0x00000000eab00000, 0x00000000ef600000, 0x0000000100000000)
  eden space 66560K, 0% used [0x00000000eab00000,0x00000000eab00000,0x00000000eec00000)
  from space 5120K, 99% used [0x00000000ef100000,0x00000000ef5f9ce8,0x00000000ef600000)
  to   space 5120K, 0% used [0x00000000eec00000,0x00000000eec00000,0x00000000ef100000)
 ParOldGen       total 87552K, used 16058K [0x00000000c0000000, 0x00000000c5580000, 0x00000000eab00000)
  object space 87552K, 18% used [0x00000000c0000000,0x00000000c0fae8b0,0x00000000c5580000)
 Metaspace       used 6313K, capacity 7092K, committed 7296K, reserved 1056768K
  class space    used 597K, capacity 620K, committed 640K, reserved 1048576K
}
Event: 4.626 GC heap before
{Heap before GC invocations=5 (full 0):
 PSYoungGen      total 71680K, used 71655K [0x00000000eab00000, 0x00000000ef600000, 0x0000000100000000)
  eden space 66560K, 100% used [0x00000000eab00000,0x00000000eec00000,0x00000000eec00000)
  from space 5120K, 99% used [0x00000000ef100000,0x00000000ef5f9ce8,0x00000000ef600000)
  to   space 5120K, 0% used [0x00000000eec00000,0x00000000eec00000,0x00000000ef100000)
 ParOldGen       total 87552K, used 16058K [0x00000000c0000000, 0x00000000c5580000, 0x00000000eab00000)
  object space 87552K, 18% used [0x00000000c0000000,0x00000000c0fae8b0,0x00000000c5580000)
 Metaspace       used 6356K, capacity 7156K, committed 7296K, reserved 1056768K
  class space    used 597K, capacity 620K, committed 640K, reserved 1048576K
Event: 4.696 GC heap after
Heap after GC invocations=5 (full 0):
 PSYoungGen      total 71680K, used 5092K [0x00000000eab00000, 0x00000000f4b00000, 0x0000000100000000)
  eden space 66560K, 0% used [0x00000000eab00000,0x00000000eab00000,0x00000000eec00000)
  from space 5120K, 99% used [0x00000000eec00000,0x00000000ef0f9080,0x00000000ef100000)
  to   space 15360K, 0% used [0x00000000f3c00000,0x00000000f3c00000,0x00000000f4b00000)
 ParOldGen       total 87552K, used 25562K [0x00000000c0000000, 0x00000000c5580000, 0x00000000eab00000)
  object space 87552K, 29% used [0x00000000c0000000,0x00000000c18f6a90,0x00000000c5580000)
 Metaspace       used 6356K, capacity 7156K, committed 7296K, reserved 1056768K
  class space    used 597K, capacity 620K, committed 640K, reserved 1048576K
}
Event: 5.152 GC heap before
{Heap before GC invocations=6 (full 0):
 PSYoungGen      total 71680K, used 71652K [0x00000000eab00000, 0x00000000f4b00000, 0x0000000100000000)
  eden space 66560K, 100% used [0x00000000eab00000,0x00000000eec00000,0x00000000eec00000)
  from space 5120K, 99% used [0x00000000eec00000,0x00000000ef0f9080,0x00000000ef100000)
  to   space 15360K, 0% used [0x00000000f3c00000,0x00000000f3c00000,0x00000000f4b00000)
 ParOldGen       total 87552K, used 25562K [0x00000000c0000000, 0x00000000c5580000, 0x00000000eab00000)
  object space 87552K, 29% used [0x00000000c0000000,0x00000000c18f6a90,0x00000000c5580000)
 Metaspace       used 6389K, capacity 7156K, committed 7296K, reserved 1056768K
  class space    used 597K, capacity 620K, committed 640K, reserved 1048576K
Event: 5.181 GC heap after
Heap after GC invocations=6 (full 0):
 PSYoungGen      total 144896K, used 15330K [0x00000000eab00000, 0x00000000f5200000, 0x0000000100000000)
  eden space 129536K, 0% used [0x00000000eab00000,0x00000000eab00000,0x00000000f2980000)
  from space 15360K, 99% used [0x00000000f3c00000,0x00000000f4af8b10,0x00000000f4b00000)
  to   space 18944K, 0% used [0x00000000f2980000,0x00000000f2980000,0x00000000f3c00000)
 ParOldGen       total 87552K, used 27883K [0x00000000c0000000, 0x00000000c5580000, 0x00000000eab00000)
  object space 87552K, 31% used [0x00000000c0000000,0x00000000c1b3af78,0x00000000c5580000)
 Metaspace       used 6389K, capacity 7156K, committed 7296K, reserved 1056768K
  class space    used 597K, capacity 620K, committed 640K, reserved 1048576K
}

Deoptimization events (10 events):
Event: 5.407 Thread 0x00000000026c1000 Uncommon trap: reason=class_check action=maybe_recompile pc=0x0000000002c9db34 method=java.util.Arrays.hashCode([Ljava/lang/Object;)I @ 43
Event: 5.720 Thread 0x00000000026c1000 Uncommon trap: reason=speculate_class_check action=maybe_recompile pc=0x0000000002b6df34 method=com.android.dx.util.FixedSizeList.equals(Ljava/lang/Object;)Z @ 25
Event: 5.720 Thread 0x00000000026c1000 Uncommon trap: reason=speculate_class_check action=maybe_recompile pc=0x0000000002b6df34 method=com.android.dx.util.FixedSizeList.equals(Ljava/lang/Object;)Z @ 25
Event: 5.720 Thread 0x00000000026c1000 Uncommon trap: reason=speculate_class_check action=maybe_recompile pc=0x0000000002b6df34 method=com.android.dx.util.FixedSizeList.equals(Ljava/lang/Object;)Z @ 25
Event: 5.721 Thread 0x00000000026c1000 Uncommon trap: reason=speculate_class_check action=maybe_recompile pc=0x0000000002b6df34 method=com.android.dx.util.FixedSizeList.equals(Ljava/lang/Object;)Z @ 25
Event: 6.696 Thread 0x00000000026c1000 Uncommon trap: reason=unstable_if action=reinterpret pc=0x0000000002ae1b40 method=java.util.Arrays.copyOf([Ljava/lang/Object;ILjava/lang/Class;)[Ljava/lang/Object; @ 3
Event: 6.697 Thread 0x00000000026c1000 Uncommon trap: reason=speculate_class_check action=maybe_recompile pc=0x0000000002f1acfc method=java.util.HashMap.putVal(ILjava/lang/Object;Ljava/lang/Object;ZZ)Ljava/lang/Object; @ 56
Event: 6.697 Thread 0x00000000026c1000 Uncommon trap: reason=speculate_class_check action=maybe_recompile pc=0x0000000002f1ad68 method=java.util.HashMap.putVal(ILjava/lang/Object;Ljava/lang/Object;ZZ)Ljava/lang/Object; @ 152
Event: 6.697 Thread 0x00000000026c1000 Uncommon trap: reason=speculate_class_check action=maybe_recompile pc=0x0000000002f1acfc method=java.util.HashMap.putVal(ILjava/lang/Object;Ljava/lang/Object;ZZ)Ljava/lang/Object; @ 56
Event: 6.697 Thread 0x00000000026c1000 Uncommon trap: reason=speculate_class_check action=maybe_recompile pc=0x0000000002f1acfc method=java.util.HashMap.putVal(ILjava/lang/Object;Ljava/lang/Object;ZZ)Ljava/lang/Object; @ 56

Internal exceptions (5 events):
Event: 0.447 Thread 0x00000000026c1000 Exception <a 'java/lang/NoSuchMethodError': Method sun.misc.Unsafe.defineClass(Ljava/lang/String;[BII)Ljava/lang/Class; name or signature does not match> (0x00000000eab07c78) thrown at [C:\src\android\AOSP-openjdk\external\jetbrains\jdk\hotspot\src\share\vÿùsUró‹?
Event: 0.447 Thread 0x00000000026c1000 Exception <a 'java/lang/NoSuchMethodError': Method sun.misc.Unsafe.prefetchRead(Ljava/lang/Object;J)V name or signature does not match> (0x00000000eab07f60) thrown at [C:\src\android\AOSP-openjdk\external\jetbrains\jdk\hotspot\src\share\vm\prims\jni.cpp, lV´Ô6⁄@
Event: 3.857 Thread 0x0000000016632000 Exception <a 'java/lang/ArrayIndexOutOfBoundsException': 18> (0x00000000eb163bc0) thrown at [C:\src\android\AOSP-openjdk\external\jetbrains\jdk\hotspot\src\share\vm\interpreter\interpreterRuntime.cpp, line 366]
Event: 3.857 Thread 0x0000000016632000 Exception <a 'java/lang/ArrayIndexOutOfBoundsException': 145> (0x00000000eb165740) thrown at [C:\src\android\AOSP-openjdk\external\jetbrains\jdk\hotspot\src\share\vm\interpreter\interpreterRuntime.cpp, line 366]
Event: 3.858 Thread 0x0000000016632000 Exception <a 'java/lang/ArrayIndexOutOfBoundsException'> (0x00000000eb166a28) thrown at [C:\src\android\AOSP-openjdk\external\jetbrains\jdk\hotspot\src\share\vm\runtime\sharedRuntime.cpp, line 605]

Events (10 events):
Event: 6.698 loading class java/util/LinkedHashMap$LinkedEntrySet
Event: 6.698 loading class java/util/LinkedHashMap$LinkedEntrySet done
Event: 6.698 loading class java/util/LinkedHashMap$LinkedEntryIterator
Event: 6.698 loading class java/util/LinkedHashMap$LinkedHashIterator
Event: 6.698 loading class java/util/LinkedHashMap$LinkedHashIterator done
Event: 6.698 loading class java/util/LinkedHashMap$LinkedEntryIterator done
Event: 6.698 loading class java/security/Provider$Service
Event: 6.698 loading class java/security/Provider$Service done
Event: 6.699 loading class java/security/Provider$UString
Event: 6.699 loading class java/security/Provider$UString done


Dynamic libraries:
0x00007ff6a6680000 - 0x00007ff6a66b1000 	C:\Program Files\Android\Android Studio\jre\bin\java.exe
0x00007ffc119c0000 - 0x00007ffc11b92000 	C:\WINDOWS\SYSTEM32\ntdll.dll
0x00007ffc0f370000 - 0x00007ffc0f41c000 	C:\WINDOWS\System32\KERNEL32.DLL
0x00007ffc0e6b0000 - 0x00007ffc0e8cd000 	C:\WINDOWS\System32\KERNELBASE.dll
0x00007ffc0eff0000 - 0x00007ffc0f092000 	C:\WINDOWS\System32\ADVAPI32.dll
0x00007ffc0f7e0000 - 0x00007ffc0f87e000 	C:\WINDOWS\System32\msvcrt.dll
0x00007ffc0f250000 - 0x00007ffc0f2a9000 	C:\WINDOWS\System32\sechost.dll
0x00007ffc115c0000 - 0x00007ffc116e1000 	C:\WINDOWS\System32\RPCRT4.dll
0x00007ffc11450000 - 0x00007ffc115b5000 	C:\WINDOWS\System32\USER32.dll
0x00007ffc0de60000 - 0x00007ffc0de7e000 	C:\WINDOWS\System32\win32u.dll
0x00007ffc0edb0000 - 0x00007ffc0ede4000 	C:\WINDOWS\System32\GDI32.dll
0x00007ffc0eaf0000 - 0x00007ffc0ec70000 	C:\WINDOWS\System32\gdi32full.dll
0x00007ffbf6f00000 - 0x00007ffbf717a000 	C:\WINDOWS\WinSxS\amd64_microsoft.windows.common-controls_6595b64144ccf1df_6.0.14393.953_none_42151e83c686086b\COMCTL32.dll
0x00007ffc116f0000 - 0x00007ffc119b8000 	C:\WINDOWS\System32\combase.dll
0x00007ffc0e5b0000 - 0x00007ffc0e6a5000 	C:\WINDOWS\System32\ucrtbase.dll
0x00007ffc0ec70000 - 0x00007ffc0ecda000 	C:\WINDOWS\System32\bcryptPrimitives.dll
0x00007ffc0fcb0000 - 0x00007ffc0fcde000 	C:\WINDOWS\System32\IMM32.DLL
0x0000000051420000 - 0x00000000514f2000 	C:\Program Files\Android\Android Studio\jre\jre\bin\msvcr100.dll
0x0000000051500000 - 0x0000000051d3c000 	C:\Program Files\Android\Android Studio\jre\jre\bin\server\jvm.dll
0x00007ffc0dd80000 - 0x00007ffc0dda3000 	C:\WINDOWS\System32\WINMM.dll
0x00007ffc0dc00000 - 0x00007ffc0dc2b000 	C:\WINDOWS\System32\WINMMBASE.dll
0x00007ffc0de80000 - 0x00007ffc0dec2000 	C:\WINDOWS\System32\cfgmgr32.dll
0x00007ffc0ef00000 - 0x00007ffc0ef08000 	C:\WINDOWS\System32\PSAPI.DLL
0x00007ffbffda0000 - 0x00007ffbffda9000 	C:\WINDOWS\SYSTEM32\WSOCK32.dll
0x00007ffc0ef80000 - 0x00007ffc0efea000 	C:\WINDOWS\System32\WS2_32.dll
0x00007ffc00630000 - 0x00007ffc0063a000 	C:\WINDOWS\SYSTEM32\VERSION.dll
0x00007ffc06920000 - 0x00007ffc0692f000 	C:\Program Files\Android\Android Studio\jre\jre\bin\verify.dll
0x00007ffc01080000 - 0x00007ffc010a9000 	C:\Program Files\Android\Android Studio\jre\jre\bin\java.dll
0x00007ffc026b0000 - 0x00007ffc026c6000 	C:\Program Files\Android\Android Studio\jre\jre\bin\zip.dll
0x00007ffc0ff20000 - 0x00007ffc11428000 	C:\WINDOWS\System32\SHELL32.dll
0x00007ffc0ded0000 - 0x00007ffc0e5aa000 	C:\WINDOWS\System32\windows.storage.dll
0x00007ffc0eaa0000 - 0x00007ffc0eaec000 	C:\WINDOWS\System32\powrprof.dll
0x00007ffc0f2b0000 - 0x00007ffc0f302000 	C:\WINDOWS\System32\shlwapi.dll
0x00007ffc0dc50000 - 0x00007ffc0dc5f000 	C:\WINDOWS\System32\kernel.appcore.dll
0x00007ffc0ddb0000 - 0x00007ffc0de59000 	C:\WINDOWS\System32\shcore.dll
0x00007ffc0dc30000 - 0x00007ffc0dc44000 	C:\WINDOWS\System32\profapi.dll

VM Arguments:
jvm_args: -Djava.awt.headless=true -Xmx1024M -Dfile.encoding=GBK -Duser.country=CN -Duser.language=zh -Duser.variant 
java_command: com.android.dx.command.Main --dex --num-threads=4 --output C:\Users\frankie\Desktop\research project\nirscannano_android-master\NIRScanNano_Android-master\app\build\intermediates\pre-dexed\debug\commons-lang3-3.3.2_b2f0349271d28fdc762d72f979901934d7a5fecb.jar C:\Users\frankie\.gradle\caches\modules-2\files-2.1\org.apache.commons\commons-lang3\3.3.2\90a3822c38ec8c996e84c16a3477ef632cbc87a3\commons-lang3-3.3.2.jar
java_class_path (initial): C:\Users\frankie\AppData\Local\Android\sdk\build-tools\23.0.2\lib\dx.jar
Launcher Type: SUN_STANDARD

Environment Variables:
JAVA_HOME=C:\Program Files\Java\jdk1.8.0_121
CLASSPATH=.;C:\Program Files\Java\jdk1.8.0_121\lib\dt.jar;C:\Program Files\Java\jdk1.8.0_121\lib\tools.jar;
PATH=C:\Program Files\Haskell\bin;C:\Program Files\Haskell Platform\8.0.2-a\lib\extralibs\bin;C:\Program Files\Haskell Platform\8.0.2-a\bin;C:\ProgramData\Oracle\Java\javapath;C:\WINDOWS\system32;C:\WINDOWS;C:\WINDOWS\System32\Wbem;C:\WINDOWS\System32\WindowsPowerShell\v1.0\;C:\Program Files\Java\jdk1.8.0_121\bin;C:\Program Files\Java\jdk1.8.0_121\jre\bin;C:\Program Files (x86)\Windows Kits\10\Windows Performance Toolkit\;U:\PuTTY\;C:\Program Files\Haskell Platform\8.0.2-a\mingw\bin;C:\Users\frankie\AppData\Roaming\cabal\bin;C:\Users\frankie\AppData\Roaming\local\bin;C:\Users\frankie\AppData\Local\Microsoft\WindowsApps
USERNAME=frankie
OS=Windows_NT
PROCESSOR_IDENTIFIER=Intel64 Family 6 Model 78 Stepping 3, GenuineIntel



---------------  S Y S T E M  ---------------

OS: Windows 10.0 , 64 bit Build 14393 (10.0.14393.1198)

CPU:total 4 (2 cores per cpu, 2 threads per core) family 6 model 78 stepping 3, cmov, cx8, fxsr, mmx, sse, sse2, sse3, ssse3, sse4.1, sse4.2, popcnt, avx, avx2, aes, clmul, erms, rtm, 3dnowpref, lzcnt, ht, tsc, tscinvbit, bmi1, bmi2, adx

Memory: 4k page, physical 8312972k(3296492k free), swap 10410124k(4644k free)

vm_info: OpenJDK 64-Bit Server VM (25.112-b06) for windows-amd64 JRE (1.8.0_112-release-b06), built on Dec  8 2016 00:54:26 by "builder" with MS VC++ 10.0 (VS2010)

time: Sun Sep 03 21:41:29 2017
elapsed time: 6 seconds (0d 0h 0m 6s)

