#
# There is insufficient memory for the Java Runtime Environment to continue.
# Native memory allocation (malloc) failed to allocate 32744 bytes for ChunkPool::allocate
# Possible reasons:
#   The system is out of physical RAM or swap space
#   In 32 bit mode, the process size limit was hit
# Possible solutions:
#   Reduce memory load on the system
#   Increase physical memory or swap space
#   Check if swap backing store is full
#   Use 64 bit Java on a 64 bit OS
#   Decrease Java heap size (-Xmx/-Xms)
#   Decrease number of Java threads
#   Decrease Java thread stack sizes (-Xss)
#   Set larger code cache with -XX:ReservedCodeCacheSize=
# This output file may be truncated or incomplete.
#
#  Out of Memory Error (allocation.cpp:273), pid=4624, tid=0x0000000000002e18
#
# JRE version: OpenJDK Runtime Environment (8.0_112-b06) (build 1.8.0_112-release-b06)
# Java VM: OpenJDK 64-Bit Server VM (25.112-b06 mixed mode windows-amd64 compressed oops)
# Failed to write core dump. Minidumps are not enabled by default on client versions of Windows
#

---------------  T H R E A D  ---------------

Current thread (0x000000001569a000):  JavaThread "C2 CompilerThread0" daemon [_thread_in_native, id=11800, stack(0x0000000016fa0000,0x00000000170a0000)]

Stack: [0x0000000016fa0000,0x00000000170a0000]
[error occurred during error reporting (printing stack bounds), id 0xc0000005]

Native frames: (J=compiled Java code, j=interpreted, Vv=VM code, C=native code)


Current CompileTask:
C2:   2277  621       4       java.util.HashMap::get (23 bytes)


---------------  P R O C E S S  ---------------

Java Threads: ( => current thread )
  0x0000000016cf7800 JavaThread "pool-1-thread-4" [_thread_in_Java, id=7620, stack(0x00000000178a0000,0x00000000179a0000)]
  0x0000000016cf6800 JavaThread "pool-1-thread-3" [_thread_in_Java, id=9156, stack(0x00000000177a0000,0x00000000178a0000)]
  0x0000000016c4a800 JavaThread "pool-1-thread-2" [_thread_blocked, id=7248, stack(0x00000000176a0000,0x00000000177a0000)]
  0x0000000016c49000 JavaThread "pool-2-thread-1" [_thread_blocked, id=164, stack(0x00000000175a0000,0x00000000176a0000)]
  0x0000000016c45000 JavaThread "pool-1-thread-1" [_thread_in_Java, id=5348, stack(0x00000000174a0000,0x00000000175a0000)]
  0x0000000016a01000 JavaThread "Service Thread" daemon [_thread_blocked, id=3164, stack(0x00000000172a0000,0x00000000173a0000)]
  0x00000000169fb800 JavaThread "C1 CompilerThread2" daemon [_thread_in_native, id=7296, stack(0x00000000171a0000,0x00000000172a0000)]
  0x00000000169f8000 JavaThread "C2 CompilerThread1" daemon [_thread_in_native, id=12152, stack(0x00000000170a0000,0x00000000171a0000)]
=>0x000000001569a000 JavaThread "C2 CompilerThread0" daemon [_thread_in_native, id=11800, stack(0x0000000016fa0000,0x00000000170a0000)]
  0x000000001564c800 JavaThread "Attach Listener" daemon [_thread_blocked, id=12024, stack(0x0000000016ea0000,0x0000000016fa0000)]
  0x00000000169a8800 JavaThread "Signal Dispatcher" daemon [_thread_blocked, id=10284, stack(0x0000000016da0000,0x0000000016ea0000)]
  0x0000000002f65800 JavaThread "Finalizer" daemon [_thread_blocked, id=7368, stack(0x00000000168a0000,0x00000000169a0000)]
  0x0000000002f60800 JavaThread "Reference Handler" daemon [_thread_blocked, id=5808, stack(0x00000000167a0000,0x00000000168a0000)]
  0x0000000002e71000 JavaThread "main" [_thread_blocked, id=6812, stack(0x0000000002d70000,0x0000000002e70000)]

Other Threads:
  0x0000000015605000 VMThread [stack: 0x00000000166a0000,0x00000000167a0000] [id=10576]
  0x0000000016a03000 WatcherThread [stack: 0x00000000173a0000,0x00000000174a0000] [id=11756]

VM state:not at safepoint (normal execution)

VM Mutex/Monitor currently owned by a thread:  ([mutex/lock_event])
[0x000000000298e410] MethodData_lock - owner thread: 0x0000000016cf6800

Heap:
 PSYoungGen      total 38400K, used 19350K [0x00000000eab00000, 0x00000000ed580000, 0x0000000100000000)
  eden space 33280K, 58% used [0x00000000eab00000,0x00000000ebde5aa0,0x00000000ecb80000)
  from space 5120K, 0% used [0x00000000ed080000,0x00000000ed080000,0x00000000ed580000)
  to   space 5120K, 0% used [0x00000000ecb80000,0x00000000ecb80000,0x00000000ed080000)
 ParOldGen       total 87552K, used 0K [0x00000000c0000000, 0x00000000c5580000, 0x00000000eab00000)
  object space 87552K, 0% used [0x00000000c0000000,0x00000000c0000000,0x00000000c5580000)
 Metaspace       used 5578K, capacity 6576K, committed 6784K, reserved 1056768K
  class space    used 571K, capacity 616K, committed 640K, reserved 1048576K

Card table byte_map: [0x0000000012330000,0x0000000012540000] byte_map_base: 0x0000000011d30000

Marking Bits: (ParMarkBitMap*) 0x0000000051cc18f0
 Begin Bits: [0x0000000012aa0000, 0x0000000013aa0000)
 End Bits:   [0x0000000013aa0000, 0x0000000014aa0000)

Polling page: 0x00000000028d0000

CodeCache: size=245760Kb used=2345Kb max_used=2358Kb free=243414Kb
 bounds [0x0000000002f70000, 0x00000000031e0000, 0x0000000011f70000]
 total_blobs=879 nmethods=609 adapters=184
 compilation: enabled

Compilation events (10 events):
Event: 2.271 Thread 0x00000000169fb800 nmethod 618 0x00000000031b3e50 code [0x00000000031b3fe0, 0x00000000031b43e8]
Event: 2.271 Thread 0x00000000169fb800  622       3       java.util.BitSet::or (105 bytes)
Event: 2.271 Thread 0x00000000169fb800 nmethod 622 0x00000000031b7350 code [0x00000000031b7500, 0x00000000031b7a48]
Event: 2.271 Thread 0x00000000169fb800  624       3       com.android.dx.ssa.SsaBasicBlock::forEachPhiInsn (54 bytes)
Event: 2.272 Thread 0x00000000169fb800 nmethod 624 0x00000000031b4e90 code [0x00000000031b5080, 0x00000000031b5928]
Event: 2.272 Thread 0x00000000169fb800  625       3       com.android.dx.ssa.SsaRenamer$BlockRenamer::processResultReg (56 bytes)
Event: 2.272 Thread 0x00000000169fb800 nmethod 625 0x00000000031bb290 code [0x00000000031bb460, 0x00000000031bbd18]
Event: 2.272 Thread 0x00000000169fb800  552       1       com.android.dx.ssa.SsaRenamer::access$700 (5 bytes)
Event: 2.272 Thread 0x00000000169fb800 nmethod 552 0x00000000031b3b50 code [0x00000000031b3ca0, 0x00000000031b3d90]
Event: 2.272 Thread 0x00000000169fb800  629   !   3       com.android.dx.cf.code.BytecodeArray::parseInstruction (2764 bytes)

GC Heap History (0 events):
No events

Deoptimization events (0 events):
No events

Internal exceptions (2 events):
Event: 0.936 Thread 0x0000000002e71000 Exception <a 'java/lang/NoSuchMethodError': Method sun.misc.Unsafe.defineClass(Ljava/lang/String;[BII)Ljava/lang/Class; name or signature does not match> (0x00000000eab07c78) thrown at [C:\src\android\AOSP-openjdk\external\jetbrains\jdk\hotspot\src\share\vÛç•Lôí?
Event: 0.936 Thread 0x0000000002e71000 Exception <a 'java/lang/NoSuchMethodError': Method sun.misc.Unsafe.prefetchRead(Ljava/lang/Object;J)V name or signature does not match> (0x00000000eab07f60) thrown at [C:\src\android\AOSP-openjdk\external\jetbrains\jdk\hotspot\src\share\vm\prims\jni.cpp, l

Events (10 events):
Event: 2.226 loading class com/android/dx/cf/code/Ropper$ExceptionHandlerSetup
Event: 2.226 loading class com/android/dx/cf/code/Ropper$ExceptionHandlerSetup done
Event: 2.227 loading class com/android/dx/ssa/back/FirstFitLocalCombiningAllocator$Multiset
Event: 2.227 loading class com/android/dx/ssa/back/FirstFitLocalCombiningAllocator$Multiset done
Event: 2.228 loading class java/util/HashMap$Values
Event: 2.228 loading class java/util/HashMap$Values done
Event: 2.228 loading class java/util/HashMap$ValueIterator
Event: 2.228 loading class java/util/HashMap$ValueIterator done
Event: 2.239 loading class com/android/dx/cf/code/BytecodeArray$ConstantParserVisitor
Event: 2.239 loading class com/android/dx/cf/code/BytecodeArray$ConstantParserVisitor done


Dynamic libraries:
0x00007ff6a6680000 - 0x00007ff6a66b1000 	C:\Program Files\Android\Android Studio\jre\bin\java.exe
0x00007ffc119c0000 - 0x00007ffc11b92000 	C:\WINDOWS\SYSTEM32\ntdll.dll
0x00007ffc0f370000 - 0x00007ffc0f41c000 	C:\WINDOWS\System32\KERNEL32.DLL
0x00007ffc0e6b0000 - 0x00007ffc0e8cd000 	C:\WINDOWS\System32\KERNELBASE.dll
0x00007ffc0eff0000 - 0x00007ffc0f092000 	C:\WINDOWS\System32\ADVAPI32.dll
0x00007ffc0f7e0000 - 0x00007ffc0f87e000 	C:\WINDOWS\System32\msvcrt.dll
0x00007ffc0f250000 - 0x00007ffc0f2a9000 	C:\WINDOWS\System32\sechost.dll
0x00007ffc115c0000 - 0x00007ffc116e1000 	C:\WINDOWS\System32\RPCRT4.dll
0x00007ffc11450000 - 0x00007ffc115b5000 	C:\WINDOWS\System32\USER32.dll
0x00007ffc0de60000 - 0x00007ffc0de7e000 	C:\WINDOWS\System32\win32u.dll
0x00007ffc0edb0000 - 0x00007ffc0ede4000 	C:\WINDOWS\System32\GDI32.dll
0x00007ffc0eaf0000 - 0x00007ffc0ec70000 	C:\WINDOWS\System32\gdi32full.dll
0x00007ffbf6f00000 - 0x00007ffbf717a000 	C:\WINDOWS\WinSxS\amd64_microsoft.windows.common-controls_6595b64144ccf1df_6.0.14393.953_none_42151e83c686086b\COMCTL32.dll
0x00007ffc116f0000 - 0x00007ffc119b8000 	C:\WINDOWS\System32\combase.dll
0x00007ffc0e5b0000 - 0x00007ffc0e6a5000 	C:\WINDOWS\System32\ucrtbase.dll
0x00007ffc0ec70000 - 0x00007ffc0ecda000 	C:\WINDOWS\System32\bcryptPrimitives.dll
0x00007ffc0fcb0000 - 0x00007ffc0fcde000 	C:\WINDOWS\System32\IMM32.DLL
0x0000000051420000 - 0x00000000514f2000 	C:\Program Files\Android\Android Studio\jre\jre\bin\msvcr100.dll
0x0000000051500000 - 0x0000000051d3c000 	C:\Program Files\Android\Android Studio\jre\jre\bin\server\jvm.dll
0x00007ffc0dd80000 - 0x00007ffc0dda3000 	C:\WINDOWS\System32\WINMM.dll
0x00007ffc0dc00000 - 0x00007ffc0dc2b000 	C:\WINDOWS\System32\WINMMBASE.dll
0x00007ffc0de80000 - 0x00007ffc0dec2000 	C:\WINDOWS\System32\cfgmgr32.dll
0x00007ffc0ef00000 - 0x00007ffc0ef08000 	C:\WINDOWS\System32\PSAPI.DLL
0x00007ffbffda0000 - 0x00007ffbffda9000 	C:\WINDOWS\SYSTEM32\WSOCK32.dll
0x00007ffc0ef80000 - 0x00007ffc0efea000 	C:\WINDOWS\System32\WS2_32.dll
0x00007ffc00630000 - 0x00007ffc0063a000 	C:\WINDOWS\SYSTEM32\VERSION.dll
0x00007ffc06920000 - 0x00007ffc0692f000 	C:\Program Files\Android\Android Studio\jre\jre\bin\verify.dll
0x00007ffc01080000 - 0x00007ffc010a9000 	C:\Program Files\Android\Android Studio\jre\jre\bin\java.dll
0x00007ffc026b0000 - 0x00007ffc026c6000 	C:\Program Files\Android\Android Studio\jre\jre\bin\zip.dll
0x00007ffc0ff20000 - 0x00007ffc11428000 	C:\WINDOWS\System32\SHELL32.dll
0x00007ffc0ded0000 - 0x00007ffc0e5aa000 	C:\WINDOWS\System32\windows.storage.dll
0x00007ffc0eaa0000 - 0x00007ffc0eaec000 	C:\WINDOWS\System32\powrprof.dll
0x00007ffc0f2b0000 - 0x00007ffc0f302000 	C:\WINDOWS\System32\shlwapi.dll
0x00007ffc0dc50000 - 0x00007ffc0dc5f000 	C:\WINDOWS\System32\kernel.appcore.dll
0x00007ffc0ddb0000 - 0x00007ffc0de59000 	C:\WINDOWS\System32\shcore.dll
0x00007ffc0dc30000 - 0x00007ffc0dc44000 	C:\WINDOWS\System32\profapi.dll

VM Arguments:
jvm_args: -Djava.awt.headless=true -Xmx1024M -Dfile.encoding=GBK -Duser.country=CN -Duser.language=zh -Duser.variant 
java_command: com.android.dx.command.Main --dex --num-threads=4 --output C:\Users\frankie\Desktop\research project\nirscannano_android-master\NIRScanNano_Android-master\app\build\intermediates\pre-dexed\debug\internal_impl-23.1.1_282e8a07d86892d810c10ed7d5583bedf6372f4c.jar C:\Users\frankie\Desktop\research project\nirscannano_android-master\NIRScanNano_Android-master\app\build\intermediates\exploded-aar\com.android.support\support-v4\23.1.1\jars\libs\internal_impl-23.1.1.jar
java_class_path (initial): C:\Users\frankie\AppData\Local\Android\sdk\build-tools\23.0.2\lib\dx.jar
Launcher Type: SUN_STANDARD

Environment Variables:
JAVA_HOME=C:\Program Files\Java\jdk1.8.0_121
CLASSPATH=.;C:\Program Files\Java\jdk1.8.0_121\lib\dt.jar;C:\Program Files\Java\jdk1.8.0_121\lib\tools.jar;
PATH=C:\Program Files\Haskell\bin;C:\Program Files\Haskell Platform\8.0.2-a\lib\extralibs\bin;C:\Program Files\Haskell Platform\8.0.2-a\bin;C:\ProgramData\Oracle\Java\javapath;C:\WINDOWS\system32;C:\WINDOWS;C:\WINDOWS\System32\Wbem;C:\WINDOWS\System32\WindowsPowerShell\v1.0\;C:\Program Files\Java\jdk1.8.0_121\bin;C:\Program Files\Java\jdk1.8.0_121\jre\bin;C:\Program Files (x86)\Windows Kits\10\Windows Performance Toolkit\;U:\PuTTY\;C:\Program Files\Haskell Platform\8.0.2-a\mingw\bin;C:\Users\frankie\AppData\Roaming\cabal\bin;C:\Users\frankie\AppData\Roaming\local\bin;C:\Users\frankie\AppData\Local\Microsoft\WindowsApps
USERNAME=frankie
OS=Windows_NT
PROCESSOR_IDENTIFIER=Intel64 Family 6 Model 78 Stepping 3, GenuineIntel



---------------  S Y S T E M  ---------------

OS: Windows 10.0 , 64 bit Build 14393 (10.0.14393.1198)

CPU:total 4 (2 cores per cpu, 2 threads per core) family 6 model 78 stepping 3, cmov, cx8, fxsr, mmx, sse, sse2, sse3, ssse3, sse4.1, sse4.2, popcnt, avx, avx2, aes, clmul, erms, rtm, 3dnowpref, lzcnt, ht, tsc, tscinvbit, bmi1, bmi2, adx

Memory: 4k page, physical 8312972k(3286476k free), swap 10410124k(1956k free)

vm_info: OpenJDK 64-Bit Server VM (25.112-b06) for windows-amd64 JRE (1.8.0_112-release-b06), built on Dec  8 2016 00:54:26 by "builder" with MS VC++ 10.0 (VS2010)

time: Sun Sep 03 21:41:29 2017
elapsed time: 2 seconds (0d 0h 0m 2s)

