#
# There is insufficient memory for the Java Runtime Environment to continue.
# Native memory allocation (malloc) failed to allocate 581520 bytes for Chunk::new
# Possible reasons:
#   The system is out of physical RAM or swap space
#   In 32 bit mode, the process size limit was hit
# Possible solutions:
#   Reduce memory load on the system
#   Increase physical memory or swap space
#   Check if swap backing store is full
#   Use 64 bit Java on a 64 bit OS
#   Decrease Java heap size (-Xmx/-Xms)
#   Decrease number of Java threads
#   Decrease Java thread stack sizes (-Xss)
#   Set larger code cache with -XX:ReservedCodeCacheSize=
# This output file may be truncated or incomplete.
#
#  Out of Memory Error (allocation.cpp:390), pid=10572, tid=0x0000000000000a9c
#
# JRE version: OpenJDK Runtime Environment (8.0_112-b06) (build 1.8.0_112-release-b06)
# Java VM: OpenJDK 64-Bit Server VM (25.112-b06 mixed mode windows-amd64 compressed oops)
# Failed to write core dump. Minidumps are not enabled by default on client versions of Windows
#

---------------  T H R E A D  ---------------

Current thread (0x000000001c9fe000):  JavaThread "C2 CompilerThread1" daemon [_thread_in_native, id=2716, stack(0x000000001e460000,0x000000001e560000)]

Stack: [0x000000001e460000,0x000000001e560000]
[error occurred during error reporting (printing stack bounds), id 0xc0000005]

Native frames: (J=compiled Java code, j=interpreted, Vv=VM code, C=native code)


Current CompileTask:
C2:   3133  885   !   4       com.android.dx.cf.code.BytecodeArray::parseInstruction (2764 bytes)


---------------  P R O C E S S  ---------------

Java Threads: ( => current thread )
  0x000000001eca0800 JavaThread "pool-2-thread-4" [_thread_in_Java, id=7172, stack(0x000000001f460000,0x000000001f560000)]
  0x000000001e148000 JavaThread "pool-2-thread-3" [_thread_in_Java, id=6852, stack(0x000000001f360000,0x000000001f460000)]
  0x000000001e080000 JavaThread "pool-2-thread-2" [_thread_in_Java, id=6608, stack(0x000000001f260000,0x000000001f360000)]
  0x000000001debc800 JavaThread "pool-3-thread-1" [_thread_blocked, id=7380, stack(0x000000001e960000,0x000000001ea60000)]
  0x000000001deb6800 JavaThread "pool-2-thread-1" [_thread_in_Java, id=13156, stack(0x000000001e860000,0x000000001e960000)]
  0x000000001ddbf000 JavaThread "Service Thread" daemon [_thread_blocked, id=12556, stack(0x000000001e660000,0x000000001e760000)]
  0x000000001ddb9800 JavaThread "C1 CompilerThread2" daemon [_thread_blocked, id=3636, stack(0x000000001e560000,0x000000001e660000)]
=>0x000000001c9fe000 JavaThread "C2 CompilerThread1" daemon [_thread_in_native, id=2716, stack(0x000000001e460000,0x000000001e560000)]
  0x000000001c9f8800 JavaThread "C2 CompilerThread0" daemon [_thread_in_native, id=12612, stack(0x000000001e360000,0x000000001e460000)]
  0x000000001dd68800 JavaThread "Attach Listener" daemon [_thread_blocked, id=9892, stack(0x000000001e260000,0x000000001e360000)]
  0x000000001c995800 JavaThread "Signal Dispatcher" daemon [_thread_blocked, id=12336, stack(0x000000001e160000,0x000000001e260000)]
  0x00000000032c5800 JavaThread "Finalizer" daemon [_thread_blocked, id=5220, stack(0x000000001dc00000,0x000000001dd00000)]
  0x00000000032c0800 JavaThread "Reference Handler" daemon [_thread_blocked, id=7292, stack(0x000000001db00000,0x000000001dc00000)]
  0x00000000031d1000 JavaThread "main" [_thread_in_Java, id=13192, stack(0x00000000030d0000,0x00000000031d0000)]

Other Threads:
  0x000000001c965000 VMThread [stack: 0x000000001da00000,0x000000001db00000] [id=10056]
  0x000000001ddc0800 WatcherThread [stack: 0x000000001e760000,0x000000001e860000] [id=7680]

VM state:not at safepoint (normal execution)

VM Mutex/Monitor currently owned by a thread: None

Heap:
 PSYoungGen      total 38400K, used 32946K [0x000000076ab00000, 0x000000076d580000, 0x00000007c0000000)
  eden space 33280K, 98% used [0x000000076ab00000,0x000000076cb2cb28,0x000000076cb80000)
  from space 5120K, 0% used [0x000000076d080000,0x000000076d080000,0x000000076d580000)
  to   space 5120K, 0% used [0x000000076cb80000,0x000000076cb80000,0x000000076d080000)
 ParOldGen       total 87552K, used 0K [0x00000006c0000000, 0x00000006c5580000, 0x000000076ab00000)
  object space 87552K, 0% used [0x00000006c0000000,0x00000006c0000000,0x00000006c5580000)
 Metaspace       used 5722K, capacity 6896K, committed 7040K, reserved 1056768K
  class space    used 565K, capacity 616K, committed 640K, reserved 1048576K

Card table byte_map: [0x0000000012690000,0x0000000012ea0000] byte_map_base: 0x000000000f090000

Marking Bits: (ParMarkBitMap*) 0x0000000052f818f0
 Begin Bits: [0x0000000013800000, 0x0000000017800000)
 End Bits:   [0x0000000017800000, 0x000000001b800000)

Polling page: 0x00000000016b0000

CodeCache: size=245760Kb used=4393Kb max_used=4405Kb free=241366Kb
 bounds [0x00000000032d0000, 0x0000000003730000, 0x00000000122d0000]
 total_blobs=1263 nmethods=999 adapters=178
 compilation: enabled

Compilation events (10 events):
Event: 3.125 Thread 0x000000001ddb9800 1004       3       com.android.dx.rop.type.Type::<init> (84 bytes)
Event: 3.125 Thread 0x000000001ddb9800 nmethod 1004 0x0000000003710f90 code [0x0000000003711140, 0x0000000003711668]
Event: 3.125 Thread 0x000000001ddb9800 1005       3       com.android.dx.rop.type.Type::putIntern (27 bytes)
Event: 3.126 Thread 0x000000001ddb9800 nmethod 1005 0x0000000003710890 code [0x0000000003710a20, 0x0000000003710e68]
Event: 3.126 Thread 0x000000001ddb9800 1003       3       com.android.dx.cf.code.Simulator$SimVisitor::checkReturnType (64 bytes)
Event: 3.126 Thread 0x000000001ddb9800 nmethod 1003 0x000000000370ea90 code [0x000000000370ece0, 0x000000000370fa88]
Event: 3.126 Thread 0x000000001ddb9800 1007       3       com.android.dx.rop.type.Type::getInitializedType (42 bytes)
Event: 3.127 Thread 0x000000001ddb9800 nmethod 1007 0x00000000037125d0 code [0x00000000037127a0, 0x0000000003712fd8]
Event: 3.127 Thread 0x000000001ddb9800 1008       3       java.lang.String::<init> (15 bytes)
Event: 3.127 Thread 0x000000001ddb9800 nmethod 1008 0x0000000003711e90 code [0x0000000003712020, 0x0000000003712408]

GC Heap History (0 events):
No events

Deoptimization events (9 events):
Event: 0.652 Thread 0x00000000031d1000 Uncommon trap: reason=unstable_if action=reinterpret pc=0x00000000034441f0 method=com.android.dx.rop.cst.StdConstantPool.set(ILcom/android/dx/rop/cst/Constant;)V @ 95
Event: 0.652 Thread 0x00000000031d1000 Uncommon trap: reason=unstable_if action=reinterpret pc=0x00000000034441f0 method=com.android.dx.rop.cst.StdConstantPool.set(ILcom/android/dx/rop/cst/Constant;)V @ 95
Event: 0.652 Thread 0x00000000031d1000 Uncommon trap: reason=unstable_if action=reinterpret pc=0x00000000034441f0 method=com.android.dx.rop.cst.StdConstantPool.set(ILcom/android/dx/rop/cst/Constant;)V @ 95
Event: 0.779 Thread 0x00000000031d1000 Uncommon trap: reason=unstable_if action=reinterpret pc=0x0000000003433d08 method=java.lang.String.<init>([CII)V @ 18
Event: 2.671 Thread 0x000000001e080000 Uncommon trap: reason=unstable_if action=reinterpret pc=0x0000000003538114 method=com.android.dx.rop.code.RegisterSpec.equals(ILcom/android/dx/rop/type/TypeBearer;Lcom/android/dx/rop/code/LocalItem;)Z @ 24
Event: 2.946 Thread 0x000000001e080000 Uncommon trap: reason=class_check action=maybe_recompile pc=0x000000000361b130 method=com.android.dx.rop.type.Type.equals(Ljava/lang/Object;)Z @ 8
Event: 2.946 Thread 0x000000001e080000 Uncommon trap: reason=class_check action=maybe_recompile pc=0x000000000361b130 method=com.android.dx.rop.type.Type.equals(Ljava/lang/Object;)Z @ 8
Event: 2.946 Thread 0x000000001eca0800 Uncommon trap: reason=class_check action=maybe_recompile pc=0x000000000368df14 method=com.android.dx.ssa.NormalSsaInsn.accept(Lcom/android/dx/ssa/SsaInsn$Visitor;)V @ 9
Event: 3.022 Thread 0x000000001e148000 Uncommon trap: reason=unstable_if action=reinterpret pc=0x0000000003692680 method=com.android.dx.rop.code.RegisterSpecSet.put(Lcom/android/dx/rop/code/RegisterSpec;)V @ 77

Internal exceptions (2 events):
Event: 0.120 Thread 0x00000000031d1000 Exception <a 'java/lang/NoSuchMethodError': Method sun.misc.Unsafe.defineClass(Ljava/lang/String;[BII)Ljava/lang/Class; name or signature does not match> (0x000000076ab07c78) thrown at [C:\src\android\AOSP-openjdk\external\jetbrains\jdk\hotspot\src\share\vÚ½Ï²¾?
Event: 0.120 Thread 0x00000000031d1000 Exception <a 'java/lang/NoSuchMethodError': Method sun.misc.Unsafe.prefetchRead(Ljava/lang/Object;J)V name or signature does not match> (0x000000076ab07f60) thrown at [C:\src\android\AOSP-openjdk\external\jetbrains\jdk\hotspot\src\share\vm\prims\jni.cpp, l

Events (10 events):
Event: 3.040 Thread 0x000000001deb6800 DEOPT PACKING pc=0x000000000369479a sp=0x000000001e95ec10
Event: 3.040 Thread 0x000000001deb6800 DEOPT UNPACKING pc=0x00000000033175bf sp=0x000000001e95e978 mode 0
Event: 3.040 Thread 0x000000001deb6800 DEOPT PACKING pc=0x000000000369479a sp=0x000000001e95ec10
Event: 3.040 Thread 0x000000001deb6800 DEOPT UNPACKING pc=0x00000000033175bf sp=0x000000001e95e978 mode 0
Event: 3.041 Thread 0x000000001deb6800 DEOPT PACKING pc=0x000000000369479a sp=0x000000001e95ec10
Event: 3.041 Thread 0x000000001deb6800 DEOPT UNPACKING pc=0x00000000033175bf sp=0x000000001e95e978 mode 0
Event: 3.041 Thread 0x000000001deb6800 DEOPT PACKING pc=0x000000000369479a sp=0x000000001e95ec10
Event: 3.041 Thread 0x000000001deb6800 DEOPT UNPACKING pc=0x00000000033175bf sp=0x000000001e95e978 mode 0
Event: 3.042 Thread 0x000000001deb6800 DEOPT PACKING pc=0x000000000369479a sp=0x000000001e95ec10
Event: 3.042 Thread 0x000000001deb6800 DEOPT UNPACKING pc=0x00000000033175bf sp=0x000000001e95e978 mode 0


Dynamic libraries:
0x00007ff6a6680000 - 0x00007ff6a66b1000 	C:\Program Files\Android\Android Studio\jre\bin\java.exe
0x00007ffc119c0000 - 0x00007ffc11b92000 	C:\WINDOWS\SYSTEM32\ntdll.dll
0x00007ffc0f370000 - 0x00007ffc0f41c000 	C:\WINDOWS\System32\KERNEL32.DLL
0x00007ffc0e6b0000 - 0x00007ffc0e8cd000 	C:\WINDOWS\System32\KERNELBASE.dll
0x00007ffc0eff0000 - 0x00007ffc0f092000 	C:\WINDOWS\System32\ADVAPI32.dll
0x00007ffc0f7e0000 - 0x00007ffc0f87e000 	C:\WINDOWS\System32\msvcrt.dll
0x00007ffc0f250000 - 0x00007ffc0f2a9000 	C:\WINDOWS\System32\sechost.dll
0x00007ffc115c0000 - 0x00007ffc116e1000 	C:\WINDOWS\System32\RPCRT4.dll
0x00007ffc11450000 - 0x00007ffc115b5000 	C:\WINDOWS\System32\USER32.dll
0x00007ffc0de60000 - 0x00007ffc0de7e000 	C:\WINDOWS\System32\win32u.dll
0x00007ffc0edb0000 - 0x00007ffc0ede4000 	C:\WINDOWS\System32\GDI32.dll
0x00007ffc0eaf0000 - 0x00007ffc0ec70000 	C:\WINDOWS\System32\gdi32full.dll
0x00007ffbf6f00000 - 0x00007ffbf717a000 	C:\WINDOWS\WinSxS\amd64_microsoft.windows.common-controls_6595b64144ccf1df_6.0.14393.953_none_42151e83c686086b\COMCTL32.dll
0x00007ffc116f0000 - 0x00007ffc119b8000 	C:\WINDOWS\System32\combase.dll
0x00007ffc0e5b0000 - 0x00007ffc0e6a5000 	C:\WINDOWS\System32\ucrtbase.dll
0x00007ffc0ec70000 - 0x00007ffc0ecda000 	C:\WINDOWS\System32\bcryptPrimitives.dll
0x00007ffc0fcb0000 - 0x00007ffc0fcde000 	C:\WINDOWS\System32\IMM32.DLL
0x00000000526e0000 - 0x00000000527b2000 	C:\Program Files\Android\Android Studio\jre\jre\bin\msvcr100.dll
0x00000000527c0000 - 0x0000000052ffc000 	C:\Program Files\Android\Android Studio\jre\jre\bin\server\jvm.dll
0x00007ffc0dd80000 - 0x00007ffc0dda3000 	C:\WINDOWS\System32\WINMM.dll
0x00007ffc0dc00000 - 0x00007ffc0dc2b000 	C:\WINDOWS\System32\WINMMBASE.dll
0x00007ffc0de80000 - 0x00007ffc0dec2000 	C:\WINDOWS\System32\cfgmgr32.dll
0x00007ffc0ef00000 - 0x00007ffc0ef08000 	C:\WINDOWS\System32\PSAPI.DLL
0x00007ffbffda0000 - 0x00007ffbffda9000 	C:\WINDOWS\SYSTEM32\WSOCK32.dll
0x00007ffc0ef80000 - 0x00007ffc0efea000 	C:\WINDOWS\System32\WS2_32.dll
0x00007ffc00630000 - 0x00007ffc0063a000 	C:\WINDOWS\SYSTEM32\VERSION.dll
0x00007ffc0c1a0000 - 0x00007ffc0c1af000 	C:\Program Files\Android\Android Studio\jre\jre\bin\verify.dll
0x00007ffc0b7a0000 - 0x00007ffc0b7c9000 	C:\Program Files\Android\Android Studio\jre\jre\bin\java.dll
0x00007ffc0b780000 - 0x00007ffc0b796000 	C:\Program Files\Android\Android Studio\jre\jre\bin\zip.dll
0x00007ffc0ff20000 - 0x00007ffc11428000 	C:\WINDOWS\System32\SHELL32.dll
0x00007ffc0ded0000 - 0x00007ffc0e5aa000 	C:\WINDOWS\System32\windows.storage.dll
0x00007ffc0eaa0000 - 0x00007ffc0eaec000 	C:\WINDOWS\System32\powrprof.dll
0x00007ffc0f2b0000 - 0x00007ffc0f302000 	C:\WINDOWS\System32\shlwapi.dll
0x00007ffc0dc50000 - 0x00007ffc0dc5f000 	C:\WINDOWS\System32\kernel.appcore.dll
0x00007ffc0ddb0000 - 0x00007ffc0de59000 	C:\WINDOWS\System32\shcore.dll
0x00007ffc0dc30000 - 0x00007ffc0dc44000 	C:\WINDOWS\System32\profapi.dll

VM Arguments:
jvm_args: -Djava.awt.headless=true -Xmx4g -Dfile.encoding=GBK -Duser.country=CN -Duser.language=zh -Duser.variant 
java_command: com.android.dx.command.Main --dex --force-jumbo --num-threads=4 --multi-dex --output C:\Users\frankie\Desktop\research project\nirscannano_android-master\NIRScanNano_Android-master\app\build\intermediates\transforms\dex\debug\folders\1000\5\slice_0 C:\Users\frankie\Desktop\research project\nirscannano_android-master\NIRScanNano_Android-master\app\build\intermediates\transforms\instantRunSlicer\debug\folders\1\5\slice_0
java_class_path (initial): C:\Users\frankie\AppData\Local\Android\sdk\build-tools\26.0.1\lib\dx.jar
Launcher Type: SUN_STANDARD

Environment Variables:
JAVA_HOME=C:\Program Files\Java\jdk1.8.0_121
CLASSPATH=.;C:\Program Files\Java\jdk1.8.0_121\lib\dt.jar;C:\Program Files\Java\jdk1.8.0_121\lib\tools.jar;
PATH=C:\Program Files\Haskell\bin;C:\Program Files\Haskell Platform\8.0.2-a\lib\extralibs\bin;C:\Program Files\Haskell Platform\8.0.2-a\bin;C:\ProgramData\Oracle\Java\javapath;C:\WINDOWS\system32;C:\WINDOWS;C:\WINDOWS\System32\Wbem;C:\WINDOWS\System32\WindowsPowerShell\v1.0\;C:\Program Files\Java\jdk1.8.0_121\bin;C:\Program Files\Java\jdk1.8.0_121\jre\bin;C:\Program Files (x86)\Windows Kits\10\Windows Performance Toolkit\;U:\PuTTY\;C:\Program Files\Haskell Platform\8.0.2-a\mingw\bin;C:\Users\frankie\AppData\Roaming\cabal\bin;C:\Users\frankie\AppData\Roaming\local\bin;C:\Users\frankie\AppData\Local\Microsoft\WindowsApps
USERNAME=frankie
OS=Windows_NT
PROCESSOR_IDENTIFIER=Intel64 Family 6 Model 78 Stepping 3, GenuineIntel



---------------  S Y S T E M  ---------------

OS: Windows 10.0 , 64 bit Build 14393 (10.0.14393.1198)

CPU:total 4 (2 cores per cpu, 2 threads per core) family 6 model 78 stepping 3, cmov, cx8, fxsr, mmx, sse, sse2, sse3, ssse3, sse4.1, sse4.2, popcnt, avx, avx2, aes, clmul, erms, rtm, 3dnowpref, lzcnt, ht, tsc, tscinvbit, bmi1, bmi2, adx

Memory: 4k page, physical 8312972k(1298356k free), swap 10410124k(4084k free)

vm_info: OpenJDK 64-Bit Server VM (25.112-b06) for windows-amd64 JRE (1.8.0_112-release-b06), built on Dec  8 2016 00:54:26 by "builder" with MS VC++ 10.0 (VS2010)

time: Sun Sep 03 22:37:42 2017
elapsed time: 3 seconds (0d 0h 0m 3s)

