#
# There is insufficient memory for the Java Runtime Environment to continue.
# Native memory allocation (malloc) failed to allocate 32744 bytes for ChunkPool::allocate
# Possible reasons:
#   The system is out of physical RAM or swap space
#   In 32 bit mode, the process size limit was hit
# Possible solutions:
#   Reduce memory load on the system
#   Increase physical memory or swap space
#   Check if swap backing store is full
#   Use 64 bit Java on a 64 bit OS
#   Decrease Java heap size (-Xmx/-Xms)
#   Decrease number of Java threads
#   Decrease Java thread stack sizes (-Xss)
#   Set larger code cache with -XX:ReservedCodeCacheSize=
# This output file may be truncated or incomplete.
#
#  Out of Memory Error (allocation.cpp:273), pid=5560, tid=0x0000000000000eb8
#
# JRE version: OpenJDK Runtime Environment (8.0_112-b06) (build 1.8.0_112-release-b06)
# Java VM: OpenJDK 64-Bit Server VM (25.112-b06 mixed mode windows-amd64 compressed oops)
# Failed to write core dump. Minidumps are not enabled by default on client versions of Windows
#

---------------  T H R E A D  ---------------

Current thread (0x000000001c5e8800):  JavaThread "C2 CompilerThread0" daemon [_thread_in_native, id=3768, stack(0x000000001df00000,0x000000001e000000)]

Stack: [0x000000001df00000,0x000000001e000000]
[error occurred during error reporting (printing stack bounds), id 0xc0000005]

Native frames: (J=compiled Java code, j=interpreted, Vv=VM code, C=native code)


Current CompileTask:
C2:   2717  477       4       java.util.ArrayList::add (29 bytes)


---------------  P R O C E S S  ---------------

Java Threads: ( => current thread )
  0x000000001db85000 JavaThread "pool-2-thread-4" [_thread_in_vm, id=7348, stack(0x000000001e800000,0x000000001e900000)]
  0x000000001db84000 JavaThread "pool-2-thread-3" [_thread_blocked, id=7180, stack(0x000000001e700000,0x000000001e800000)]
  0x000000001db83000 JavaThread "pool-2-thread-2" [_thread_in_vm, id=824, stack(0x000000001e600000,0x000000001e700000)]
  0x000000001da63000 JavaThread "pool-3-thread-1" [_thread_blocked, id=4864, stack(0x000000001e500000,0x000000001e600000)]
  0x000000001d959800 JavaThread "Service Thread" daemon [_thread_blocked, id=13016, stack(0x000000001e200000,0x000000001e300000)]
  0x000000001d956000 JavaThread "C1 CompilerThread2" daemon [_thread_in_native, id=4680, stack(0x000000001e100000,0x000000001e200000)]
  0x000000001c5ea800 JavaThread "C2 CompilerThread1" daemon [_thread_in_native, id=12644, stack(0x000000001e000000,0x000000001e100000)]
=>0x000000001c5e8800 JavaThread "C2 CompilerThread0" daemon [_thread_in_native, id=3768, stack(0x000000001df00000,0x000000001e000000)]
  0x000000001d908800 JavaThread "Attach Listener" daemon [_thread_blocked, id=6696, stack(0x000000001de00000,0x000000001df00000)]
  0x000000001c585800 JavaThread "Signal Dispatcher" daemon [_thread_blocked, id=13028, stack(0x000000001dd00000,0x000000001de00000)]
  0x0000000002eb5800 JavaThread "Finalizer" daemon [_thread_blocked, id=9020, stack(0x000000001d800000,0x000000001d900000)]
  0x0000000002eb0800 JavaThread "Reference Handler" daemon [_thread_blocked, id=3992, stack(0x000000001d700000,0x000000001d800000)]
  0x0000000002dc1000 JavaThread "main" [_thread_blocked, id=10208, stack(0x0000000002cc0000,0x0000000002dc0000)]

Other Threads:
  0x000000001c555000 VMThread [stack: 0x000000001d600000,0x000000001d700000] [id=6140]
  0x000000001d95b000 WatcherThread [stack: 0x000000001e300000,0x000000001e400000] [id=6392]

VM state:not at safepoint (normal execution)

VM Mutex/Monitor currently owned by a thread:  ([mutex/lock_event])
[0x000000000115d370] MethodData_lock - owner thread: 0x000000001db83000

Heap:
 PSYoungGen      total 38400K, used 11326K [0x000000076ab00000, 0x000000076d580000, 0x00000007c0000000)
  eden space 33280K, 34% used [0x000000076ab00000,0x000000076b60fbe0,0x000000076cb80000)
  from space 5120K, 0% used [0x000000076d080000,0x000000076d080000,0x000000076d580000)
  to   space 5120K, 0% used [0x000000076cb80000,0x000000076cb80000,0x000000076d080000)
 ParOldGen       total 87552K, used 0K [0x00000006c0000000, 0x00000006c5580000, 0x000000076ab00000)
  object space 87552K, 0% used [0x00000006c0000000,0x00000006c0000000,0x00000006c5580000)
 Metaspace       used 5343K, capacity 6512K, committed 6784K, reserved 1056768K
  class space    used 563K, capacity 616K, committed 640K, reserved 1048576K

Card table byte_map: [0x0000000012280000,0x0000000012a90000] byte_map_base: 0x000000000ec80000

Marking Bits: (ParMarkBitMap*) 0x0000000052f818f0
 Begin Bits: [0x00000000133f0000, 0x00000000173f0000)
 End Bits:   [0x00000000173f0000, 0x000000001b3f0000)

Polling page: 0x0000000001120000

CodeCache: size=245760Kb used=1926Kb max_used=1937Kb free=243833Kb
 bounds [0x0000000002ec0000, 0x0000000003130000, 0x0000000011ec0000]
 total_blobs=721 nmethods=457 adapters=178
 compilation: enabled

Compilation events (10 events):
Event: 2.693 Thread 0x000000001d956000 nmethod 443 0x00000000030a1050 code [0x00000000030a11a0, 0x00000000030a12b0]
Event: 2.693 Thread 0x000000001d956000  456   !   3       com.android.dx.cf.code.BytecodeArray::parseInstruction (2764 bytes)
Event: 2.693 Thread 0x000000001c5e8800  464       4       java.util.HashMap::getNode (148 bytes)
Event: 2.696 Thread 0x000000001c5ea800  473       4       com.android.dx.util.MutabilityControl::throwIfImmutable (18 bytes)
Event: 2.696 Thread 0x000000001c5ea800 nmethod 473 0x000000000309f450 code [0x000000000309f580, 0x000000000309f5f8]
Event: 2.697 Thread 0x000000001c5ea800  476       4       java.util.BitSet::nextSetBit (102 bytes)
Event: 2.698 Thread 0x000000001c5e8800 nmethod 464 0x00000000030a2210 code [0x00000000030a2380, 0x00000000030a2768]
Event: 2.698 Thread 0x000000001c5e8800  477       4       java.util.ArrayList::add (29 bytes)
Event: 2.699 Thread 0x000000001c5ea800 nmethod 476 0x00000000030a1e50 code [0x00000000030a1fa0, 0x00000000030a20d8]
Event: 2.700 Thread 0x000000001c5ea800  487   !   4       com.android.dx.util.IntList::get (36 bytes)

GC Heap History (0 events):
No events

Deoptimization events (1 events):
Event: 2.181 Thread 0x0000000002dc1000 Uncommon trap: reason=unstable_if action=reinterpret pc=0x00000000030000a4 method=java.lang.String.indexOf(II)I @ 49

Internal exceptions (2 events):
Event: 0.933 Thread 0x0000000002dc1000 Exception <a 'java/lang/NoSuchMethodError': Method sun.misc.Unsafe.defineClass(Ljava/lang/String;[BII)Ljava/lang/Class; name or signature does not match> (0x000000076ab07c78) thrown at [C:\src\android\AOSP-openjdk\external\jetbrains\jdk\hotspot\src\share\vr˙êÿê‹Ì?
Event: 0.933 Thread 0x0000000002dc1000 Exception <a 'java/lang/NoSuchMethodError': Method sun.misc.Unsafe.prefetchRead(Ljava/lang/Object;J)V name or signature does not match> (0x000000076ab07f60) thrown at [C:\src\android\AOSP-openjdk\external\jetbrains\jdk\hotspot\src\share\vm\prims\jni.cpp, l

Events (10 events):
Event: 2.686 loading class com/android/dx/dex/code/StdCatchBuilder
Event: 2.686 loading class com/android/dx/dex/code/StdCatchBuilder done
Event: 2.687 loading class com/android/dx/dex/code/DalvCode
Event: 2.687 loading class com/android/dx/dex/code/DalvCode done
Event: 2.687 loading class java/io/PrintWriter
Event: 2.687 loading class java/io/PrintWriter done
Event: 2.687 loading class com/android/dx/dex/file/DebugInfoItem
Event: 2.687 loading class com/android/dx/dex/file/DebugInfoItem done
Event: 2.698 loading class com/android/dx/dex/file/MethodAnnotationStruct
Event: 2.699 loading class com/android/dx/dex/file/MethodAnnotationStruct done


Dynamic libraries:
0x00007ff6a6680000 - 0x00007ff6a66b1000 	C:\Program Files\Android\Android Studio\jre\bin\java.exe
0x00007ffc119c0000 - 0x00007ffc11b92000 	C:\WINDOWS\SYSTEM32\ntdll.dll
0x00007ffc0f370000 - 0x00007ffc0f41c000 	C:\WINDOWS\System32\KERNEL32.DLL
0x00007ffc0e6b0000 - 0x00007ffc0e8cd000 	C:\WINDOWS\System32\KERNELBASE.dll
0x00007ffc0eff0000 - 0x00007ffc0f092000 	C:\WINDOWS\System32\ADVAPI32.dll
0x00007ffc0f7e0000 - 0x00007ffc0f87e000 	C:\WINDOWS\System32\msvcrt.dll
0x00007ffc0f250000 - 0x00007ffc0f2a9000 	C:\WINDOWS\System32\sechost.dll
0x00007ffc115c0000 - 0x00007ffc116e1000 	C:\WINDOWS\System32\RPCRT4.dll
0x00007ffc11450000 - 0x00007ffc115b5000 	C:\WINDOWS\System32\USER32.dll
0x00007ffc0de60000 - 0x00007ffc0de7e000 	C:\WINDOWS\System32\win32u.dll
0x00007ffc0edb0000 - 0x00007ffc0ede4000 	C:\WINDOWS\System32\GDI32.dll
0x00007ffc0eaf0000 - 0x00007ffc0ec70000 	C:\WINDOWS\System32\gdi32full.dll
0x00007ffbf6f00000 - 0x00007ffbf717a000 	C:\WINDOWS\WinSxS\amd64_microsoft.windows.common-controls_6595b64144ccf1df_6.0.14393.953_none_42151e83c686086b\COMCTL32.dll
0x00007ffc116f0000 - 0x00007ffc119b8000 	C:\WINDOWS\System32\combase.dll
0x00007ffc0e5b0000 - 0x00007ffc0e6a5000 	C:\WINDOWS\System32\ucrtbase.dll
0x00007ffc0ec70000 - 0x00007ffc0ecda000 	C:\WINDOWS\System32\bcryptPrimitives.dll
0x00007ffc0fcb0000 - 0x00007ffc0fcde000 	C:\WINDOWS\System32\IMM32.DLL
0x00000000526e0000 - 0x00000000527b2000 	C:\Program Files\Android\Android Studio\jre\jre\bin\msvcr100.dll
0x00000000527c0000 - 0x0000000052ffc000 	C:\Program Files\Android\Android Studio\jre\jre\bin\server\jvm.dll
0x00007ffc0dd80000 - 0x00007ffc0dda3000 	C:\WINDOWS\System32\WINMM.dll
0x00007ffc0dc00000 - 0x00007ffc0dc2b000 	C:\WINDOWS\System32\WINMMBASE.dll
0x00007ffc0de80000 - 0x00007ffc0dec2000 	C:\WINDOWS\System32\cfgmgr32.dll
0x00007ffc0ef00000 - 0x00007ffc0ef08000 	C:\WINDOWS\System32\PSAPI.DLL
0x00007ffbffda0000 - 0x00007ffbffda9000 	C:\WINDOWS\SYSTEM32\WSOCK32.dll
0x00007ffc0ef80000 - 0x00007ffc0efea000 	C:\WINDOWS\System32\WS2_32.dll
0x00007ffc00630000 - 0x00007ffc0063a000 	C:\WINDOWS\SYSTEM32\VERSION.dll
0x00007ffc0b770000 - 0x00007ffc0b77f000 	C:\Program Files\Android\Android Studio\jre\jre\bin\verify.dll
0x00007ffc05730000 - 0x00007ffc05759000 	C:\Program Files\Android\Android Studio\jre\jre\bin\java.dll
0x00007ffc05710000 - 0x00007ffc05726000 	C:\Program Files\Android\Android Studio\jre\jre\bin\zip.dll
0x00007ffc0ff20000 - 0x00007ffc11428000 	C:\WINDOWS\System32\SHELL32.dll
0x00007ffc0ded0000 - 0x00007ffc0e5aa000 	C:\WINDOWS\System32\windows.storage.dll
0x00007ffc0eaa0000 - 0x00007ffc0eaec000 	C:\WINDOWS\System32\powrprof.dll
0x00007ffc0f2b0000 - 0x00007ffc0f302000 	C:\WINDOWS\System32\shlwapi.dll
0x00007ffc0dc50000 - 0x00007ffc0dc5f000 	C:\WINDOWS\System32\kernel.appcore.dll
0x00007ffc0ddb0000 - 0x00007ffc0de59000 	C:\WINDOWS\System32\shcore.dll
0x00007ffc0dc30000 - 0x00007ffc0dc44000 	C:\WINDOWS\System32\profapi.dll

VM Arguments:
jvm_args: -Djava.awt.headless=true -Xmx4g -Dfile.encoding=GBK -Duser.country=CN -Duser.language=zh -Duser.variant 
java_command: com.android.dx.command.Main --dex --force-jumbo --num-threads=4 --multi-dex --output C:\Users\frankie\Desktop\research project\nirscannano_android-master\NIRScanNano_Android-master\app\build\intermediates\transforms\dex\debug\folders\1000\5\slice_9 C:\Users\frankie\Desktop\research project\nirscannano_android-master\NIRScanNano_Android-master\app\build\intermediates\transforms\instantRunSlicer\debug\folders\1\5\slice_9
java_class_path (initial): C:\Users\frankie\AppData\Local\Android\sdk\build-tools\26.0.1\lib\dx.jar
Launcher Type: SUN_STANDARD

Environment Variables:
JAVA_HOME=C:\Program Files\Java\jdk1.8.0_121
CLASSPATH=.;C:\Program Files\Java\jdk1.8.0_121\lib\dt.jar;C:\Program Files\Java\jdk1.8.0_121\lib\tools.jar;
PATH=C:\Program Files\Haskell\bin;C:\Program Files\Haskell Platform\8.0.2-a\lib\extralibs\bin;C:\Program Files\Haskell Platform\8.0.2-a\bin;C:\ProgramData\Oracle\Java\javapath;C:\WINDOWS\system32;C:\WINDOWS;C:\WINDOWS\System32\Wbem;C:\WINDOWS\System32\WindowsPowerShell\v1.0\;C:\Program Files\Java\jdk1.8.0_121\bin;C:\Program Files\Java\jdk1.8.0_121\jre\bin;C:\Program Files (x86)\Windows Kits\10\Windows Performance Toolkit\;U:\PuTTY\;C:\Program Files\Haskell Platform\8.0.2-a\mingw\bin;C:\Users\frankie\AppData\Roaming\cabal\bin;C:\Users\frankie\AppData\Roaming\local\bin;C:\Users\frankie\AppData\Local\Microsoft\WindowsApps
USERNAME=frankie
OS=Windows_NT
PROCESSOR_IDENTIFIER=Intel64 Family 6 Model 78 Stepping 3, GenuineIntel



---------------  S Y S T E M  ---------------

OS: Windows 10.0 , 64 bit Build 14393 (10.0.14393.1198)

CPU:total 4 (2 cores per cpu, 2 threads per core) family 6 model 78 stepping 3, cmov, cx8, fxsr, mmx, sse, sse2, sse3, ssse3, sse4.1, sse4.2, popcnt, avx, avx2, aes, clmul, erms, rtm, 3dnowpref, lzcnt, ht, tsc, tscinvbit, bmi1, bmi2, adx

Memory: 4k page, physical 8312972k(1242196k free), swap 10410124k(4112k free)

vm_info: OpenJDK 64-Bit Server VM (25.112-b06) for windows-amd64 JRE (1.8.0_112-release-b06), built on Dec  8 2016 00:54:26 by "builder" with MS VC++ 10.0 (VS2010)

time: Sun Sep 03 22:29:15 2017
elapsed time: 2 seconds (0d 0h 0m 2s)

