#
# There is insufficient memory for the Java Runtime Environment to continue.
# Native memory allocation (malloc) failed to allocate 496336 bytes for Chunk::new
# Possible reasons:
#   The system is out of physical RAM or swap space
#   In 32 bit mode, the process size limit was hit
# Possible solutions:
#   Reduce memory load on the system
#   Increase physical memory or swap space
#   Check if swap backing store is full
#   Use 64 bit Java on a 64 bit OS
#   Decrease Java heap size (-Xmx/-Xms)
#   Decrease number of Java threads
#   Decrease Java thread stack sizes (-Xss)
#   Set larger code cache with -XX:ReservedCodeCacheSize=
# This output file may be truncated or incomplete.
#
#  Out of Memory Error (allocation.cpp:390), pid=8184, tid=0x0000000000002bf8
#
# JRE version: OpenJDK Runtime Environment (8.0_112-b06) (build 1.8.0_112-release-b06)
# Java VM: OpenJDK 64-Bit Server VM (25.112-b06 mixed mode windows-amd64 compressed oops)
# Failed to write core dump. Minidumps are not enabled by default on client versions of Windows
#

---------------  T H R E A D  ---------------

Current thread (0x000000001c1d8800):  JavaThread "C2 CompilerThread0" daemon [_thread_in_native, id=11256, stack(0x000000001db30000,0x000000001dc30000)]

Stack: [0x000000001db30000,0x000000001dc30000]
[error occurred during error reporting (printing stack bounds), id 0xc0000005]

Native frames: (J=compiled Java code, j=interpreted, Vv=VM code, C=native code)


Current CompileTask:
C2:   2697 1227       4       com.android.dx.dex.code.OutputFinisher::addConstants (134 bytes)


---------------  P R O C E S S  ---------------

Java Threads: ( => current thread )
  0x000000001d79d800 JavaThread "pool-1-thread-1" [_thread_in_vm, id=9380, stack(0x000000001ed30000,0x000000001ee30000)]
  0x000000001d590000 JavaThread "Service Thread" daemon [_thread_blocked, id=10424, stack(0x000000001de30000,0x000000001df30000)]
  0x000000001d586000 JavaThread "C1 CompilerThread2" daemon [_thread_blocked, id=8864, stack(0x000000001dd30000,0x000000001de30000)]
  0x000000001c1da800 JavaThread "C2 CompilerThread1" daemon [_thread_in_native, id=6832, stack(0x000000001dc30000,0x000000001dd30000)]
=>0x000000001c1d8800 JavaThread "C2 CompilerThread0" daemon [_thread_in_native, id=11256, stack(0x000000001db30000,0x000000001dc30000)]
  0x000000001d538800 JavaThread "Attach Listener" daemon [_thread_blocked, id=4852, stack(0x000000001da30000,0x000000001db30000)]
  0x000000001c175800 JavaThread "Signal Dispatcher" daemon [_thread_blocked, id=12836, stack(0x000000001d930000,0x000000001da30000)]
  0x0000000002aab000 JavaThread "Finalizer" daemon [_thread_blocked, id=6060, stack(0x000000001d3d0000,0x000000001d4d0000)]
  0x0000000002aa0800 JavaThread "Reference Handler" daemon [_thread_blocked, id=4348, stack(0x000000001d2d0000,0x000000001d3d0000)]
  0x00000000029b1000 JavaThread "main" [_thread_blocked, id=8304, stack(0x00000000028b0000,0x00000000029b0000)]

Other Threads:
  0x000000001c145000 VMThread [stack: 0x000000001d1d0000,0x000000001d2d0000] [id=12688]
  0x000000001d591800 WatcherThread [stack: 0x000000001df30000,0x000000001e030000] [id=8248]

VM state:not at safepoint (normal execution)

VM Mutex/Monitor currently owned by a thread: None

Heap:
 PSYoungGen      total 38400K, used 29338K [0x000000076ab00000, 0x000000076d580000, 0x00000007c0000000)
  eden space 33280K, 88% used [0x000000076ab00000,0x000000076c7a6b40,0x000000076cb80000)
  from space 5120K, 0% used [0x000000076d080000,0x000000076d080000,0x000000076d580000)
  to   space 5120K, 0% used [0x000000076cb80000,0x000000076cb80000,0x000000076d080000)
 ParOldGen       total 87552K, used 0K [0x00000006c0000000, 0x00000006c5580000, 0x000000076ab00000)
  object space 87552K, 0% used [0x00000006c0000000,0x00000006c0000000,0x00000006c5580000)
 Metaspace       used 6203K, capacity 7088K, committed 7296K, reserved 1056768K
  class space    used 600K, capacity 616K, committed 640K, reserved 1048576K

Card table byte_map: [0x0000000011e70000,0x0000000012680000] byte_map_base: 0x000000000e870000

Marking Bits: (ParMarkBitMap*) 0x0000000052f818f0
 Begin Bits: [0x0000000012fe0000, 0x0000000016fe0000)
 End Bits:   [0x0000000016fe0000, 0x000000001afe0000)

Polling page: 0x0000000000a00000

CodeCache: size=245760Kb used=5042Kb max_used=5042Kb free=240717Kb
 bounds [0x0000000002ab0000, 0x0000000002fb0000, 0x0000000011ab0000]
 total_blobs=1558 nmethods=1287 adapters=185
 compilation: enabled

Compilation events (10 events):
Event: 2.691 Thread 0x000000001d586000 nmethod 1287 0x0000000002f9e150 code [0x0000000002f9e2c0, 0x0000000002f9e598]
Event: 2.691 Thread 0x000000001d586000 1288       3       com.android.dx.rop.code.RegisterSpec::matchesVariable (68 bytes)
Event: 2.691 Thread 0x000000001c1da800 nmethod 1230 0x0000000002f9e690 code [0x0000000002f9e860, 0x0000000002f9f780]
Event: 2.691 Thread 0x000000001c1da800 1253       4       java.util.HashMap::put (13 bytes)
Event: 2.691 Thread 0x000000001d586000 nmethod 1288 0x0000000002f9a490 code [0x0000000002f9a660, 0x0000000002f9b018]
Event: 2.692 Thread 0x000000001d586000 1289       3       com.android.dx.rop.code.RegisterSpec::equalsUsingSimpleType (27 bytes)
Event: 2.693 Thread 0x000000001d586000 nmethod 1289 0x0000000002f99f90 code [0x0000000002f9a100, 0x0000000002f9a3c8]
Event: 2.693 Thread 0x000000001d586000 1291       3       com.android.dx.dex.code.LocalList$MakeState::aboutToProcess (127 bytes)
Event: 2.694 Thread 0x000000001d586000 nmethod 1291 0x0000000002f9d190 code [0x0000000002f9d380, 0x0000000002f9dd48]
Event: 2.694 Thread 0x000000001d586000 1292       3       com.android.dx.dex.code.LocalList$MakeState::snapshot (110 bytes)

GC Heap History (0 events):
No events

Deoptimization events (10 events):
Event: 2.639 Thread 0x000000001d79d800 Uncommon trap: reason=class_check action=maybe_recompile pc=0x0000000002ec758c method=java.util.HashMap.putVal(ILjava/lang/Object;Ljava/lang/Object;ZZ)Ljava/lang/Object; @ 203
Event: 2.639 Thread 0x000000001d79d800 Uncommon trap: reason=class_check action=maybe_recompile pc=0x0000000002ec758c method=java.util.HashMap.putVal(ILjava/lang/Object;Ljava/lang/Object;ZZ)Ljava/lang/Object; @ 203
Event: 2.654 Thread 0x000000001d79d800 Uncommon trap: reason=bimorphic action=maybe_recompile pc=0x0000000002ccc1e0 method=java.util.HashMap.getNode(ILjava/lang/Object;)Ljava/util/HashMap$Node; @ 126
Event: 2.685 Thread 0x000000001d79d800 Uncommon trap: reason=speculate_class_check action=maybe_recompile pc=0x0000000002e8ac68 method=com.android.dx.util.FixedSizeList.equals(Ljava/lang/Object;)Z @ 25
Event: 2.685 Thread 0x000000001d79d800 Uncommon trap: reason=class_check action=maybe_recompile pc=0x0000000002e52e94 method=java.util.Arrays.equals([Ljava/lang/Object;[Ljava/lang/Object;)Z @ 62
Event: 2.685 Thread 0x000000001d79d800 Uncommon trap: reason=speculate_class_check action=maybe_recompile pc=0x0000000002e8ac68 method=com.android.dx.util.FixedSizeList.equals(Ljava/lang/Object;)Z @ 25
Event: 2.685 Thread 0x000000001d79d800 Uncommon trap: reason=class_check action=maybe_recompile pc=0x0000000002e52e94 method=java.util.Arrays.equals([Ljava/lang/Object;[Ljava/lang/Object;)Z @ 62
Event: 2.685 Thread 0x000000001d79d800 Uncommon trap: reason=speculate_class_check action=maybe_recompile pc=0x0000000002e8ac68 method=com.android.dx.util.FixedSizeList.equals(Ljava/lang/Object;)Z @ 25
Event: 2.685 Thread 0x000000001d79d800 Uncommon trap: reason=unstable_if action=reinterpret pc=0x0000000002e52ecc method=java.util.Arrays.equals([Ljava/lang/Object;[Ljava/lang/Object;)Z @ 23
Event: 2.689 Thread 0x000000001d79d800 Uncommon trap: reason=speculate_class_check action=maybe_recompile pc=0x0000000002e8ac68 method=com.android.dx.util.FixedSizeList.equals(Ljava/lang/Object;)Z @ 25

Internal exceptions (2 events):
Event: 0.071 Thread 0x00000000029b1000 Exception <a 'java/lang/NoSuchMethodError': Method sun.misc.Unsafe.defineClass(Ljava/lang/String;[BII)Ljava/lang/Class; name or signature does not match> (0x000000076ab07c78) thrown at [C:\src\android\AOSP-openjdk\external\jetbrains\jdk\hotspot\src\share\v‚éçÁã≤?
Event: 0.071 Thread 0x00000000029b1000 Exception <a 'java/lang/NoSuchMethodError': Method sun.misc.Unsafe.prefetchRead(Ljava/lang/Object;J)V name or signature does not match> (0x000000076ab07f60) thrown at [C:\src\android\AOSP-openjdk\external\jetbrains\jdk\hotspot\src\share\vm\prims\jni.cpp, l

Events (10 events):
Event: 2.685 Thread 0x000000001d79d800 Uncommon trap: trap_request=0xffffff65 fr.pc=0x0000000002e52ecc
Event: 2.685 Thread 0x000000001d79d800 DEOPT PACKING pc=0x0000000002e52ecc sp=0x000000001ee2e700
Event: 2.685 Thread 0x000000001d79d800 DEOPT UNPACKING pc=0x0000000002af556a sp=0x000000001ee2e6a0 mode 2
Event: 2.685 loading class com/android/dx/dex/code/CatchTable$Entry
Event: 2.685 loading class com/android/dx/dex/code/CatchTable$Entry done
Event: 2.685 loading class com/android/dx/util/ByteArrayAnnotatedOutput
Event: 2.685 loading class com/android/dx/util/ByteArrayAnnotatedOutput done
Event: 2.689 Thread 0x000000001d79d800 Uncommon trap: trap_request=0xffffff76 fr.pc=0x0000000002e8ac68
Event: 2.689 Thread 0x000000001d79d800 DEOPT PACKING pc=0x0000000002e8ac68 sp=0x000000001ee2e780
Event: 2.689 Thread 0x000000001d79d800 DEOPT UNPACKING pc=0x0000000002af556a sp=0x000000001ee2e730 mode 2


Dynamic libraries:
0x00007ff6a6680000 - 0x00007ff6a66b1000 	C:\Program Files\Android\Android Studio\jre\bin\java.exe
0x00007ffc119c0000 - 0x00007ffc11b92000 	C:\WINDOWS\SYSTEM32\ntdll.dll
0x00007ffc0f370000 - 0x00007ffc0f41c000 	C:\WINDOWS\System32\KERNEL32.DLL
0x00007ffc0e6b0000 - 0x00007ffc0e8cd000 	C:\WINDOWS\System32\KERNELBASE.dll
0x00007ffc0eff0000 - 0x00007ffc0f092000 	C:\WINDOWS\System32\ADVAPI32.dll
0x00007ffc0f7e0000 - 0x00007ffc0f87e000 	C:\WINDOWS\System32\msvcrt.dll
0x00007ffc0f250000 - 0x00007ffc0f2a9000 	C:\WINDOWS\System32\sechost.dll
0x00007ffc115c0000 - 0x00007ffc116e1000 	C:\WINDOWS\System32\RPCRT4.dll
0x00007ffc11450000 - 0x00007ffc115b5000 	C:\WINDOWS\System32\USER32.dll
0x00007ffc0de60000 - 0x00007ffc0de7e000 	C:\WINDOWS\System32\win32u.dll
0x00007ffc0edb0000 - 0x00007ffc0ede4000 	C:\WINDOWS\System32\GDI32.dll
0x00007ffc0eaf0000 - 0x00007ffc0ec70000 	C:\WINDOWS\System32\gdi32full.dll
0x00007ffbf6f00000 - 0x00007ffbf717a000 	C:\WINDOWS\WinSxS\amd64_microsoft.windows.common-controls_6595b64144ccf1df_6.0.14393.953_none_42151e83c686086b\COMCTL32.dll
0x00007ffc116f0000 - 0x00007ffc119b8000 	C:\WINDOWS\System32\combase.dll
0x00007ffc0e5b0000 - 0x00007ffc0e6a5000 	C:\WINDOWS\System32\ucrtbase.dll
0x00007ffc0ec70000 - 0x00007ffc0ecda000 	C:\WINDOWS\System32\bcryptPrimitives.dll
0x00007ffc0fcb0000 - 0x00007ffc0fcde000 	C:\WINDOWS\System32\IMM32.DLL
0x00000000526e0000 - 0x00000000527b2000 	C:\Program Files\Android\Android Studio\jre\jre\bin\msvcr100.dll
0x00000000527c0000 - 0x0000000052ffc000 	C:\Program Files\Android\Android Studio\jre\jre\bin\server\jvm.dll
0x00007ffc0dd80000 - 0x00007ffc0dda3000 	C:\WINDOWS\System32\WINMM.dll
0x00007ffc0dc00000 - 0x00007ffc0dc2b000 	C:\WINDOWS\System32\WINMMBASE.dll
0x00007ffc0de80000 - 0x00007ffc0dec2000 	C:\WINDOWS\System32\cfgmgr32.dll
0x00007ffc0ef00000 - 0x00007ffc0ef08000 	C:\WINDOWS\System32\PSAPI.DLL
0x00007ffbffda0000 - 0x00007ffbffda9000 	C:\WINDOWS\SYSTEM32\WSOCK32.dll
0x00007ffc0ef80000 - 0x00007ffc0efea000 	C:\WINDOWS\System32\WS2_32.dll
0x00007ffc00630000 - 0x00007ffc0063a000 	C:\WINDOWS\SYSTEM32\VERSION.dll
0x00007ffc0b770000 - 0x00007ffc0b77f000 	C:\Program Files\Android\Android Studio\jre\jre\bin\verify.dll
0x00007ffc05730000 - 0x00007ffc05759000 	C:\Program Files\Android\Android Studio\jre\jre\bin\java.dll
0x00007ffc05710000 - 0x00007ffc05726000 	C:\Program Files\Android\Android Studio\jre\jre\bin\zip.dll
0x00007ffc0ff20000 - 0x00007ffc11428000 	C:\WINDOWS\System32\SHELL32.dll
0x00007ffc0ded0000 - 0x00007ffc0e5aa000 	C:\WINDOWS\System32\windows.storage.dll
0x00007ffc0eaa0000 - 0x00007ffc0eaec000 	C:\WINDOWS\System32\powrprof.dll
0x00007ffc0f2b0000 - 0x00007ffc0f302000 	C:\WINDOWS\System32\shlwapi.dll
0x00007ffc0dc50000 - 0x00007ffc0dc5f000 	C:\WINDOWS\System32\kernel.appcore.dll
0x00007ffc0ddb0000 - 0x00007ffc0de59000 	C:\WINDOWS\System32\shcore.dll
0x00007ffc0dc30000 - 0x00007ffc0dc44000 	C:\WINDOWS\System32\profapi.dll

VM Arguments:
jvm_args: -Djava.awt.headless=true -Xmx4g -Dfile.encoding=GBK -Duser.country=CN -Duser.language=zh -Duser.variant 
java_command: com.android.dx.command.Main --dex --force-jumbo --num-threads=4 --multi-dex --output C:\Users\frankie\Desktop\research project\nirscannano_android-master\NIRScanNano_Android-master\app\build\intermediates\transforms\dex\debug\folders\1000\10\opencsv-3.6_f977be1b2ca6c513aa9339314d55f36cdd6564b6 C:\Users\frankie\.gradle\caches\modules-2\files-2.1\com.opencsv\opencsv\3.6\6771ad5c09e78ee0ac49b86672c0125945b7f978\opencsv-3.6.jar
java_class_path (initial): C:\Users\frankie\AppData\Local\Android\sdk\build-tools\26.0.1\lib\dx.jar
Launcher Type: SUN_STANDARD

Environment Variables:
JAVA_HOME=C:\Program Files\Java\jdk1.8.0_121
CLASSPATH=.;C:\Program Files\Java\jdk1.8.0_121\lib\dt.jar;C:\Program Files\Java\jdk1.8.0_121\lib\tools.jar;
PATH=C:\Program Files\Haskell\bin;C:\Program Files\Haskell Platform\8.0.2-a\lib\extralibs\bin;C:\Program Files\Haskell Platform\8.0.2-a\bin;C:\ProgramData\Oracle\Java\javapath;C:\WINDOWS\system32;C:\WINDOWS;C:\WINDOWS\System32\Wbem;C:\WINDOWS\System32\WindowsPowerShell\v1.0\;C:\Program Files\Java\jdk1.8.0_121\bin;C:\Program Files\Java\jdk1.8.0_121\jre\bin;C:\Program Files (x86)\Windows Kits\10\Windows Performance Toolkit\;U:\PuTTY\;C:\Program Files\Haskell Platform\8.0.2-a\mingw\bin;C:\Users\frankie\AppData\Roaming\cabal\bin;C:\Users\frankie\AppData\Roaming\local\bin;C:\Users\frankie\AppData\Local\Microsoft\WindowsApps
USERNAME=frankie
OS=Windows_NT
PROCESSOR_IDENTIFIER=Intel64 Family 6 Model 78 Stepping 3, GenuineIntel



---------------  S Y S T E M  ---------------

OS: Windows 10.0 , 64 bit Build 14393 (10.0.14393.1198)

CPU:total 4 (2 cores per cpu, 2 threads per core) family 6 model 78 stepping 3, cmov, cx8, fxsr, mmx, sse, sse2, sse3, ssse3, sse4.1, sse4.2, popcnt, avx, avx2, aes, clmul, erms, rtm, 3dnowpref, lzcnt, ht, tsc, tscinvbit, bmi1, bmi2, adx

Memory: 4k page, physical 8312972k(1347820k free), swap 10410124k(4580k free)

vm_info: OpenJDK 64-Bit Server VM (25.112-b06) for windows-amd64 JRE (1.8.0_112-release-b06), built on Dec  8 2016 00:54:26 by "builder" with MS VC++ 10.0 (VS2010)

time: Sun Sep 03 22:29:06 2017
elapsed time: 2 seconds (0d 0h 0m 2s)

